/*C2*/SET SCHEMA PUBLIC
SET DATABASE TRANSACTION CONTROL MVCC
/*C3*/SET SCHEMA PUBLIC
SET DATABASE TRANSACTION CONTROL MVCC
/*C2*/DELETE FROM CRONJOBS WHERE PK=8796093383157
INSERT INTO CRONJOBS VALUES(6366,8796096495698,NULL,'2014-12-04 19:22:22.837000','2014-12-02 19:29:26.902000',8796093383157,1,8796093153371,8796093186139,'2014-12-04 19:21:10.435000',0,8796093068191,'collectStatisticsCronJob',0,NULL,8796093678068,NULL,4,1,NULL,0,NULL,0,1,8796093218907,NULL,'2014-12-04 19:21:10.445000',8796093087777,0,8796093087776,8796099510363,8796093054980,1,8796093284443,0,0,NULL,NULL,NULL,NULL,NULL,NULL,NULL,NULL,NULL,NULL,NULL,NULL,NULL,NULL,NULL,NULL,NULL,NULL,NULL,NULL,NULL,NULL,NULL,NULL,NULL,NULL,NULL,NULL,NULL,NULL,NULL,NULL,NULL,NULL,NULL,NULL,NULL,NULL,NULL,NULL,NULL,NULL,NULL,NULL,NULL,NULL,NULL,NULL,NULL,NULL,NULL,NULL,NULL,NULL,NULL,NULL,NULL,NULL,NULL,NULL,NULL,NULL,NULL,NULL,NULL,NULL,NULL,NULL,NULL,NULL,NULL,NULL,NULL,NULL,NULL,NULL,NULL,NULL,NULL,NULL,NULL,NULL,NULL,NULL,NULL,NULL,NULL,NULL,NULL,NULL,NULL,NULL,NULL,NULL,NULL,NULL,NULL,NULL)
COMMIT
/*C3*/DELETE FROM CRONJOBS WHERE PK=8796093383157
INSERT INTO CRONJOBS VALUES(6367,8796096495698,NULL,'2014-12-04 19:22:22.846000','2014-12-02 19:29:26.902000',8796093383157,1,8796093153371,8796093186139,NULL,0,8796093068191,'collectStatisticsCronJob',0,NULL,8796093678068,NULL,4,1,NULL,0,NULL,0,1,8796093218907,NULL,'2014-12-04 19:21:10.445000',8796093087777,0,8796093087776,8796099510363,8796093054980,1,8796093284443,0,0,NULL,NULL,NULL,NULL,NULL,NULL,NULL,NULL,NULL,NULL,NULL,NULL,NULL,NULL,NULL,NULL,NULL,NULL,NULL,NULL,NULL,NULL,NULL,NULL,NULL,NULL,NULL,NULL,NULL,NULL,NULL,NULL,NULL,NULL,NULL,NULL,NULL,NULL,NULL,NULL,NULL,NULL,NULL,NULL,NULL,NULL,NULL,NULL,NULL,NULL,NULL,NULL,NULL,NULL,NULL,NULL,NULL,NULL,NULL,NULL,NULL,NULL,NULL,NULL,NULL,NULL,NULL,NULL,NULL,NULL,NULL,NULL,NULL,NULL,NULL,NULL,NULL,NULL,NULL,NULL,NULL,NULL,NULL,NULL,NULL,NULL,NULL,NULL,NULL,NULL,NULL,NULL,NULL,NULL,NULL,NULL,NULL,NULL)
COMMIT
DELETE FROM CRONJOBS WHERE PK=8796093383157
INSERT INTO CRONJOBS VALUES(6368,8796096495698,NULL,'2014-12-04 19:22:22.848000','2014-12-02 19:29:26.902000',8796093383157,1,8796093153371,8796093186139,NULL,0,8796093068191,'collectStatisticsCronJob',0,NULL,8796093678068,NULL,4,1,NULL,0,NULL,0,1,8796093218907,NULL,NULL,8796093087777,0,8796093087776,8796099510363,8796093054980,1,8796093284443,0,0,NULL,NULL,NULL,NULL,NULL,NULL,NULL,NULL,NULL,NULL,NULL,NULL,NULL,NULL,NULL,NULL,NULL,NULL,NULL,NULL,NULL,NULL,NULL,NULL,NULL,NULL,NULL,NULL,NULL,NULL,NULL,NULL,NULL,NULL,NULL,NULL,NULL,NULL,NULL,NULL,NULL,NULL,NULL,NULL,NULL,NULL,NULL,NULL,NULL,NULL,NULL,NULL,NULL,NULL,NULL,NULL,NULL,NULL,NULL,NULL,NULL,NULL,NULL,NULL,NULL,NULL,NULL,NULL,NULL,NULL,NULL,NULL,NULL,NULL,NULL,NULL,NULL,NULL,NULL,NULL,NULL,NULL,NULL,NULL,NULL,NULL,NULL,NULL,NULL,NULL,NULL,NULL,NULL,NULL,NULL,NULL,NULL,NULL)
COMMIT
DELETE FROM CRONJOBS WHERE PK=8796093383157
INSERT INTO CRONJOBS VALUES(6369,8796096495698,NULL,'2014-12-04 19:22:22.851000','2014-12-02 19:29:26.902000',8796093383157,1,8796093153371,8796093186139,'2014-12-04 19:22:22.851000',0,8796093068191,'collectStatisticsCronJob',0,NULL,8796093678068,NULL,4,1,NULL,0,NULL,0,1,8796093218907,NULL,NULL,8796093087777,0,8796093087776,8796099510363,8796093054980,1,8796093284443,0,0,NULL,NULL,NULL,NULL,NULL,NULL,NULL,NULL,NULL,NULL,NULL,NULL,NULL,NULL,NULL,NULL,NULL,NULL,NULL,NULL,NULL,NULL,NULL,NULL,NULL,NULL,NULL,NULL,NULL,NULL,NULL,NULL,NULL,NULL,NULL,NULL,NULL,NULL,NULL,NULL,NULL,NULL,NULL,NULL,NULL,NULL,NULL,NULL,NULL,NULL,NULL,NULL,NULL,NULL,NULL,NULL,NULL,NULL,NULL,NULL,NULL,NULL,NULL,NULL,NULL,NULL,NULL,NULL,NULL,NULL,NULL,NULL,NULL,NULL,NULL,NULL,NULL,NULL,NULL,NULL,NULL,NULL,NULL,NULL,NULL,NULL,NULL,NULL,NULL,NULL,NULL,NULL,NULL,NULL,NULL,NULL,NULL,NULL)
COMMIT
DELETE FROM CRONJOBS WHERE PK=8796093383157
INSERT INTO CRONJOBS VALUES(6370,8796096495698,NULL,'2014-12-04 19:22:22.853000','2014-12-02 19:29:26.902000',8796093383157,1,8796093153371,8796093186139,'2014-12-04 19:22:22.851000',0,8796093068191,'collectStatisticsCronJob',0,NULL,8796093678068,NULL,4,1,NULL,0,NULL,0,1,8796096233563,NULL,NULL,8796093087777,0,8796093087776,8796099510363,8796093054980,1,8796093284443,0,0,NULL,NULL,NULL,NULL,NULL,NULL,NULL,NULL,NULL,NULL,NULL,NULL,NULL,NULL,NULL,NULL,NULL,NULL,NULL,NULL,NULL,NULL,NULL,NULL,NULL,NULL,NULL,NULL,NULL,NULL,NULL,NULL,NULL,NULL,NULL,NULL,NULL,NULL,NULL,NULL,NULL,NULL,NULL,NULL,NULL,NULL,NULL,NULL,NULL,NULL,NULL,NULL,NULL,NULL,NULL,NULL,NULL,NULL,NULL,NULL,NULL,NULL,NULL,NULL,NULL,NULL,NULL,NULL,NULL,NULL,NULL,NULL,NULL,NULL,NULL,NULL,NULL,NULL,NULL,NULL,NULL,NULL,NULL,NULL,NULL,NULL,NULL,NULL,NULL,NULL,NULL,NULL,NULL,NULL,NULL,NULL,NULL,NULL)
COMMIT
DELETE FROM NUMBERSERIES WHERE SERIESKEY='pk_164'
INSERT INTO NUMBERSERIES VALUES(NULL,'pk_164',NULL,1,22001)
COMMIT
/*C4*/SET SCHEMA PUBLIC
SET DATABASE TRANSACTION CONTROL MVCC
DELETE FROM TRIGGERSCJ WHERE PK=8796093055478
INSERT INTO TRIGGERSCJ VALUES(913,8796096430162,NULL,'2014-12-04 19:22:23.364000','2014-12-02 19:29:26.930000',8796093055478,NULL,1,-1,'2014-12-04 19:23:00.000000',0,NULL,NULL,-1,0,NULL,0,-1,NULL,1,8796093383157,1,0,0)
COMMIT
/*C2*/INSERT INTO CUPPYTIMEPOINTSTATS VALUES(0,8796109144146,NULL,'2014-12-04 19:22:23.368000','2014-12-04 19:22:23.368000',8796781183140,0,0,0)
COMMIT
DELETE FROM CRONJOBS WHERE PK=8796093383157
INSERT INTO CRONJOBS VALUES(6371,8796096495698,NULL,'2014-12-04 19:22:23.456000','2014-12-02 19:29:26.902000',8796093383157,1,8796093153371,8796093186139,'2014-12-04 19:22:22.851000',0,8796093068191,'collectStatisticsCronJob',0,NULL,8796093678068,NULL,4,1,NULL,0,NULL,0,1,8796096299099,NULL,NULL,8796093087777,0,8796093087776,8796099510363,8796093054980,1,8796093284443,0,0,NULL,NULL,NULL,NULL,NULL,NULL,NULL,NULL,NULL,NULL,NULL,NULL,NULL,NULL,NULL,NULL,NULL,NULL,NULL,NULL,NULL,NULL,NULL,NULL,NULL,NULL,NULL,NULL,NULL,NULL,NULL,NULL,NULL,NULL,NULL,NULL,NULL,NULL,NULL,NULL,NULL,NULL,NULL,NULL,NULL,NULL,NULL,NULL,NULL,NULL,NULL,NULL,NULL,NULL,NULL,NULL,NULL,NULL,NULL,NULL,NULL,NULL,NULL,NULL,NULL,NULL,NULL,NULL,NULL,NULL,NULL,NULL,NULL,NULL,NULL,NULL,NULL,NULL,NULL,NULL,NULL,NULL,NULL,NULL,NULL,NULL,NULL,NULL,NULL,NULL,NULL,NULL,NULL,NULL,NULL,NULL,NULL,NULL)
COMMIT
DELETE FROM CRONJOBS WHERE PK=8796093383157
INSERT INTO CRONJOBS VALUES(6372,8796096495698,NULL,'2014-12-04 19:22:23.460000','2014-12-02 19:29:26.902000',8796093383157,1,8796093153371,8796093186139,'2014-12-04 19:22:22.851000',0,8796093068191,'collectStatisticsCronJob',0,NULL,8796093678068,NULL,4,1,NULL,0,NULL,0,1,8796096299099,NULL,'2014-12-04 19:22:23.460000',8796093087777,0,8796093087776,8796099510363,8796093054980,1,8796093284443,0,0,NULL,NULL,NULL,NULL,NULL,NULL,NULL,NULL,NULL,NULL,NULL,NULL,NULL,NULL,NULL,NULL,NULL,NULL,NULL,NULL,NULL,NULL,NULL,NULL,NULL,NULL,NULL,NULL,NULL,NULL,NULL,NULL,NULL,NULL,NULL,NULL,NULL,NULL,NULL,NULL,NULL,NULL,NULL,NULL,NULL,NULL,NULL,NULL,NULL,NULL,NULL,NULL,NULL,NULL,NULL,NULL,NULL,NULL,NULL,NULL,NULL,NULL,NULL,NULL,NULL,NULL,NULL,NULL,NULL,NULL,NULL,NULL,NULL,NULL,NULL,NULL,NULL,NULL,NULL,NULL,NULL,NULL,NULL,NULL,NULL,NULL,NULL,NULL,NULL,NULL,NULL,NULL,NULL,NULL,NULL,NULL,NULL,NULL)
COMMIT
/*C5*/SET SCHEMA PUBLIC
SET DATABASE TRANSACTION CONTROL MVCC
/*C6*/SET SCHEMA PUBLIC
SET DATABASE TRANSACTION CONTROL MVCC
/*C7*/SET SCHEMA PUBLIC
SET DATABASE TRANSACTION CONTROL MVCC
/*C8*/SET SCHEMA PUBLIC
SET DATABASE TRANSACTION CONTROL MVCC
/*C9*/SET SCHEMA PUBLIC
SET DATABASE TRANSACTION CONTROL MVCC
/*C10*/SET SCHEMA PUBLIC
SET DATABASE TRANSACTION CONTROL MVCC
/*C11*/SET SCHEMA PUBLIC
DISCONNECT
/*C12*/SET SCHEMA PUBLIC
SET DATABASE TRANSACTION CONTROL MVCC
/*C13*/SET SCHEMA PUBLIC
SET DATABASE TRANSACTION CONTROL MVCC
/*C14*/SET SCHEMA PUBLIC
SET DATABASE TRANSACTION CONTROL MVCC
/*C15*/SET SCHEMA PUBLIC
SET DATABASE TRANSACTION CONTROL MVCC
/*C16*/SET SCHEMA PUBLIC
SET DATABASE TRANSACTION CONTROL MVCC
/*C17*/SET SCHEMA PUBLIC
SET DATABASE TRANSACTION CONTROL MVCC
/*C4*/DELETE FROM TRIGGERSCJ WHERE PK=8796093055478
INSERT INTO TRIGGERSCJ VALUES(914,8796096430162,NULL,'2014-12-04 19:23:21.268000','2014-12-02 19:29:26.930000',8796093055478,NULL,1,-1,'2014-12-04 19:24:00.000000',0,NULL,NULL,-1,0,NULL,0,-1,NULL,1,8796093383157,1,0,0)
COMMIT
DELETE FROM CRONJOBS WHERE PK=8796093383157
INSERT INTO CRONJOBS VALUES(6373,8796096495698,NULL,'2014-12-04 19:23:21.272000','2014-12-02 19:29:26.902000',8796093383157,1,8796093153371,8796093186139,'2014-12-04 19:22:22.851000',0,8796093068191,'collectStatisticsCronJob',0,NULL,8796093678068,NULL,4,1,NULL,0,NULL,0,1,8796093218907,NULL,'2014-12-04 19:22:23.460000',8796093087777,0,8796093087776,8796099510363,8796093054980,1,8796093284443,0,0,NULL,NULL,NULL,NULL,NULL,NULL,NULL,NULL,NULL,NULL,NULL,NULL,NULL,NULL,NULL,NULL,NULL,NULL,NULL,NULL,NULL,NULL,NULL,NULL,NULL,NULL,NULL,NULL,NULL,NULL,NULL,NULL,NULL,NULL,NULL,NULL,NULL,NULL,NULL,NULL,NULL,NULL,NULL,NULL,NULL,NULL,NULL,NULL,NULL,NULL,NULL,NULL,NULL,NULL,NULL,NULL,NULL,NULL,NULL,NULL,NULL,NULL,NULL,NULL,NULL,NULL,NULL,NULL,NULL,NULL,NULL,NULL,NULL,NULL,NULL,NULL,NULL,NULL,NULL,NULL,NULL,NULL,NULL,NULL,NULL,NULL,NULL,NULL,NULL,NULL,NULL,NULL,NULL,NULL,NULL,NULL,NULL,NULL)
COMMIT
DELETE FROM CRONJOBS WHERE PK=8796093383157
INSERT INTO CRONJOBS VALUES(6374,8796096495698,NULL,'2014-12-04 19:23:21.274000','2014-12-02 19:29:26.902000',8796093383157,1,8796093153371,8796093186139,NULL,0,8796093068191,'collectStatisticsCronJob',0,NULL,8796093678068,NULL,4,1,NULL,0,NULL,0,1,8796093218907,NULL,'2014-12-04 19:22:23.460000',8796093087777,0,8796093087776,8796099510363,8796093054980,1,8796093284443,0,0,NULL,NULL,NULL,NULL,NULL,NULL,NULL,NULL,NULL,NULL,NULL,NULL,NULL,NULL,NULL,NULL,NULL,NULL,NULL,NULL,NULL,NULL,NULL,NULL,NULL,NULL,NULL,NULL,NULL,NULL,NULL,NULL,NULL,NULL,NULL,NULL,NULL,NULL,NULL,NULL,NULL,NULL,NULL,NULL,NULL,NULL,NULL,NULL,NULL,NULL,NULL,NULL,NULL,NULL,NULL,NULL,NULL,NULL,NULL,NULL,NULL,NULL,NULL,NULL,NULL,NULL,NULL,NULL,NULL,NULL,NULL,NULL,NULL,NULL,NULL,NULL,NULL,NULL,NULL,NULL,NULL,NULL,NULL,NULL,NULL,NULL,NULL,NULL,NULL,NULL,NULL,NULL,NULL,NULL,NULL,NULL,NULL,NULL)
COMMIT
DELETE FROM CRONJOBS WHERE PK=8796093383157
INSERT INTO CRONJOBS VALUES(6375,8796096495698,NULL,'2014-12-04 19:23:21.276000','2014-12-02 19:29:26.902000',8796093383157,1,8796093153371,8796093186139,NULL,0,8796093068191,'collectStatisticsCronJob',0,NULL,8796093678068,NULL,4,1,NULL,0,NULL,0,1,8796093218907,NULL,NULL,8796093087777,0,8796093087776,8796099510363,8796093054980,1,8796093284443,0,0,NULL,NULL,NULL,NULL,NULL,NULL,NULL,NULL,NULL,NULL,NULL,NULL,NULL,NULL,NULL,NULL,NULL,NULL,NULL,NULL,NULL,NULL,NULL,NULL,NULL,NULL,NULL,NULL,NULL,NULL,NULL,NULL,NULL,NULL,NULL,NULL,NULL,NULL,NULL,NULL,NULL,NULL,NULL,NULL,NULL,NULL,NULL,NULL,NULL,NULL,NULL,NULL,NULL,NULL,NULL,NULL,NULL,NULL,NULL,NULL,NULL,NULL,NULL,NULL,NULL,NULL,NULL,NULL,NULL,NULL,NULL,NULL,NULL,NULL,NULL,NULL,NULL,NULL,NULL,NULL,NULL,NULL,NULL,NULL,NULL,NULL,NULL,NULL,NULL,NULL,NULL,NULL,NULL,NULL,NULL,NULL,NULL,NULL)
COMMIT
DELETE FROM CRONJOBS WHERE PK=8796093383157
INSERT INTO CRONJOBS VALUES(6376,8796096495698,NULL,'2014-12-04 19:23:21.278000','2014-12-02 19:29:26.902000',8796093383157,1,8796093153371,8796093186139,'2014-12-04 19:23:21.278000',0,8796093068191,'collectStatisticsCronJob',0,NULL,8796093678068,NULL,4,1,NULL,0,NULL,0,1,8796093218907,NULL,NULL,8796093087777,0,8796093087776,8796099510363,8796093054980,1,8796093284443,0,0,NULL,NULL,NULL,NULL,NULL,NULL,NULL,NULL,NULL,NULL,NULL,NULL,NULL,NULL,NULL,NULL,NULL,NULL,NULL,NULL,NULL,NULL,NULL,NULL,NULL,NULL,NULL,NULL,NULL,NULL,NULL,NULL,NULL,NULL,NULL,NULL,NULL,NULL,NULL,NULL,NULL,NULL,NULL,NULL,NULL,NULL,NULL,NULL,NULL,NULL,NULL,NULL,NULL,NULL,NULL,NULL,NULL,NULL,NULL,NULL,NULL,NULL,NULL,NULL,NULL,NULL,NULL,NULL,NULL,NULL,NULL,NULL,NULL,NULL,NULL,NULL,NULL,NULL,NULL,NULL,NULL,NULL,NULL,NULL,NULL,NULL,NULL,NULL,NULL,NULL,NULL,NULL,NULL,NULL,NULL,NULL,NULL,NULL)
COMMIT
DELETE FROM CRONJOBS WHERE PK=8796093383157
INSERT INTO CRONJOBS VALUES(6377,8796096495698,NULL,'2014-12-04 19:23:21.280000','2014-12-02 19:29:26.902000',8796093383157,1,8796093153371,8796093186139,'2014-12-04 19:23:21.278000',0,8796093068191,'collectStatisticsCronJob',0,NULL,8796093678068,NULL,4,1,NULL,0,NULL,0,1,8796096233563,NULL,NULL,8796093087777,0,8796093087776,8796099510363,8796093054980,1,8796093284443,0,0,NULL,NULL,NULL,NULL,NULL,NULL,NULL,NULL,NULL,NULL,NULL,NULL,NULL,NULL,NULL,NULL,NULL,NULL,NULL,NULL,NULL,NULL,NULL,NULL,NULL,NULL,NULL,NULL,NULL,NULL,NULL,NULL,NULL,NULL,NULL,NULL,NULL,NULL,NULL,NULL,NULL,NULL,NULL,NULL,NULL,NULL,NULL,NULL,NULL,NULL,NULL,NULL,NULL,NULL,NULL,NULL,NULL,NULL,NULL,NULL,NULL,NULL,NULL,NULL,NULL,NULL,NULL,NULL,NULL,NULL,NULL,NULL,NULL,NULL,NULL,NULL,NULL,NULL,NULL,NULL,NULL,NULL,NULL,NULL,NULL,NULL,NULL,NULL,NULL,NULL,NULL,NULL,NULL,NULL,NULL,NULL,NULL,NULL)
COMMIT
INSERT INTO CUPPYTIMEPOINTSTATS VALUES(0,8796109144146,NULL,'2014-12-04 19:23:21.282000','2014-12-04 19:23:21.282000',8796781215908,0,0,0)
COMMIT
DELETE FROM CRONJOBS WHERE PK=8796093383157
INSERT INTO CRONJOBS VALUES(6378,8796096495698,NULL,'2014-12-04 19:23:21.284000','2014-12-02 19:29:26.902000',8796093383157,1,8796093153371,8796093186139,'2014-12-04 19:23:21.278000',0,8796093068191,'collectStatisticsCronJob',0,NULL,8796093678068,NULL,4,1,NULL,0,NULL,0,1,8796096299099,NULL,NULL,8796093087777,0,8796093087776,8796099510363,8796093054980,1,8796093284443,0,0,NULL,NULL,NULL,NULL,NULL,NULL,NULL,NULL,NULL,NULL,NULL,NULL,NULL,NULL,NULL,NULL,NULL,NULL,NULL,NULL,NULL,NULL,NULL,NULL,NULL,NULL,NULL,NULL,NULL,NULL,NULL,NULL,NULL,NULL,NULL,NULL,NULL,NULL,NULL,NULL,NULL,NULL,NULL,NULL,NULL,NULL,NULL,NULL,NULL,NULL,NULL,NULL,NULL,NULL,NULL,NULL,NULL,NULL,NULL,NULL,NULL,NULL,NULL,NULL,NULL,NULL,NULL,NULL,NULL,NULL,NULL,NULL,NULL,NULL,NULL,NULL,NULL,NULL,NULL,NULL,NULL,NULL,NULL,NULL,NULL,NULL,NULL,NULL,NULL,NULL,NULL,NULL,NULL,NULL,NULL,NULL,NULL,NULL)
COMMIT
DELETE FROM CRONJOBS WHERE PK=8796093383157
INSERT INTO CRONJOBS VALUES(6379,8796096495698,NULL,'2014-12-04 19:23:21.285000','2014-12-02 19:29:26.902000',8796093383157,1,8796093153371,8796093186139,'2014-12-04 19:23:21.278000',0,8796093068191,'collectStatisticsCronJob',0,NULL,8796093678068,NULL,4,1,NULL,0,NULL,0,1,8796096299099,NULL,'2014-12-04 19:23:21.285000',8796093087777,0,8796093087776,8796099510363,8796093054980,1,8796093284443,0,0,NULL,NULL,NULL,NULL,NULL,NULL,NULL,NULL,NULL,NULL,NULL,NULL,NULL,NULL,NULL,NULL,NULL,NULL,NULL,NULL,NULL,NULL,NULL,NULL,NULL,NULL,NULL,NULL,NULL,NULL,NULL,NULL,NULL,NULL,NULL,NULL,NULL,NULL,NULL,NULL,NULL,NULL,NULL,NULL,NULL,NULL,NULL,NULL,NULL,NULL,NULL,NULL,NULL,NULL,NULL,NULL,NULL,NULL,NULL,NULL,NULL,NULL,NULL,NULL,NULL,NULL,NULL,NULL,NULL,NULL,NULL,NULL,NULL,NULL,NULL,NULL,NULL,NULL,NULL,NULL,NULL,NULL,NULL,NULL,NULL,NULL,NULL,NULL,NULL,NULL,NULL,NULL,NULL,NULL,NULL,NULL,NULL,NULL)
COMMIT
/*C2*/DELETE FROM TRIGGERSCJ WHERE PK=8796093055478
INSERT INTO TRIGGERSCJ VALUES(915,8796096430162,NULL,'2014-12-04 19:24:21.266000','2014-12-02 19:29:26.930000',8796093055478,NULL,1,-1,'2014-12-04 19:25:00.000000',0,NULL,NULL,-1,0,NULL,0,-1,NULL,1,8796093383157,1,0,0)
COMMIT
DELETE FROM CRONJOBS WHERE PK=8796093383157
INSERT INTO CRONJOBS VALUES(6380,8796096495698,NULL,'2014-12-04 19:24:21.270000','2014-12-02 19:29:26.902000',8796093383157,1,8796093153371,8796093186139,'2014-12-04 19:23:21.278000',0,8796093068191,'collectStatisticsCronJob',0,NULL,8796093678068,NULL,4,1,NULL,0,NULL,0,1,8796093218907,NULL,'2014-12-04 19:23:21.285000',8796093087777,0,8796093087776,8796099510363,8796093054980,1,8796093284443,0,0,NULL,NULL,NULL,NULL,NULL,NULL,NULL,NULL,NULL,NULL,NULL,NULL,NULL,NULL,NULL,NULL,NULL,NULL,NULL,NULL,NULL,NULL,NULL,NULL,NULL,NULL,NULL,NULL,NULL,NULL,NULL,NULL,NULL,NULL,NULL,NULL,NULL,NULL,NULL,NULL,NULL,NULL,NULL,NULL,NULL,NULL,NULL,NULL,NULL,NULL,NULL,NULL,NULL,NULL,NULL,NULL,NULL,NULL,NULL,NULL,NULL,NULL,NULL,NULL,NULL,NULL,NULL,NULL,NULL,NULL,NULL,NULL,NULL,NULL,NULL,NULL,NULL,NULL,NULL,NULL,NULL,NULL,NULL,NULL,NULL,NULL,NULL,NULL,NULL,NULL,NULL,NULL,NULL,NULL,NULL,NULL,NULL,NULL)
COMMIT
DELETE FROM CRONJOBS WHERE PK=8796093383157
INSERT INTO CRONJOBS VALUES(6381,8796096495698,NULL,'2014-12-04 19:24:21.271000','2014-12-02 19:29:26.902000',8796093383157,1,8796093153371,8796093186139,NULL,0,8796093068191,'collectStatisticsCronJob',0,NULL,8796093678068,NULL,4,1,NULL,0,NULL,0,1,8796093218907,NULL,'2014-12-04 19:23:21.285000',8796093087777,0,8796093087776,8796099510363,8796093054980,1,8796093284443,0,0,NULL,NULL,NULL,NULL,NULL,NULL,NULL,NULL,NULL,NULL,NULL,NULL,NULL,NULL,NULL,NULL,NULL,NULL,NULL,NULL,NULL,NULL,NULL,NULL,NULL,NULL,NULL,NULL,NULL,NULL,NULL,NULL,NULL,NULL,NULL,NULL,NULL,NULL,NULL,NULL,NULL,NULL,NULL,NULL,NULL,NULL,NULL,NULL,NULL,NULL,NULL,NULL,NULL,NULL,NULL,NULL,NULL,NULL,NULL,NULL,NULL,NULL,NULL,NULL,NULL,NULL,NULL,NULL,NULL,NULL,NULL,NULL,NULL,NULL,NULL,NULL,NULL,NULL,NULL,NULL,NULL,NULL,NULL,NULL,NULL,NULL,NULL,NULL,NULL,NULL,NULL,NULL,NULL,NULL,NULL,NULL,NULL,NULL)
COMMIT
DELETE FROM CRONJOBS WHERE PK=8796093383157
INSERT INTO CRONJOBS VALUES(6382,8796096495698,NULL,'2014-12-04 19:24:21.272000','2014-12-02 19:29:26.902000',8796093383157,1,8796093153371,8796093186139,NULL,0,8796093068191,'collectStatisticsCronJob',0,NULL,8796093678068,NULL,4,1,NULL,0,NULL,0,1,8796093218907,NULL,NULL,8796093087777,0,8796093087776,8796099510363,8796093054980,1,8796093284443,0,0,NULL,NULL,NULL,NULL,NULL,NULL,NULL,NULL,NULL,NULL,NULL,NULL,NULL,NULL,NULL,NULL,NULL,NULL,NULL,NULL,NULL,NULL,NULL,NULL,NULL,NULL,NULL,NULL,NULL,NULL,NULL,NULL,NULL,NULL,NULL,NULL,NULL,NULL,NULL,NULL,NULL,NULL,NULL,NULL,NULL,NULL,NULL,NULL,NULL,NULL,NULL,NULL,NULL,NULL,NULL,NULL,NULL,NULL,NULL,NULL,NULL,NULL,NULL,NULL,NULL,NULL,NULL,NULL,NULL,NULL,NULL,NULL,NULL,NULL,NULL,NULL,NULL,NULL,NULL,NULL,NULL,NULL,NULL,NULL,NULL,NULL,NULL,NULL,NULL,NULL,NULL,NULL,NULL,NULL,NULL,NULL,NULL,NULL)
COMMIT
DELETE FROM CRONJOBS WHERE PK=8796093383157
INSERT INTO CRONJOBS VALUES(6383,8796096495698,NULL,'2014-12-04 19:24:21.272000','2014-12-02 19:29:26.902000',8796093383157,1,8796093153371,8796093186139,'2014-12-04 19:24:21.272000',0,8796093068191,'collectStatisticsCronJob',0,NULL,8796093678068,NULL,4,1,NULL,0,NULL,0,1,8796093218907,NULL,NULL,8796093087777,0,8796093087776,8796099510363,8796093054980,1,8796093284443,0,0,NULL,NULL,NULL,NULL,NULL,NULL,NULL,NULL,NULL,NULL,NULL,NULL,NULL,NULL,NULL,NULL,NULL,NULL,NULL,NULL,NULL,NULL,NULL,NULL,NULL,NULL,NULL,NULL,NULL,NULL,NULL,NULL,NULL,NULL,NULL,NULL,NULL,NULL,NULL,NULL,NULL,NULL,NULL,NULL,NULL,NULL,NULL,NULL,NULL,NULL,NULL,NULL,NULL,NULL,NULL,NULL,NULL,NULL,NULL,NULL,NULL,NULL,NULL,NULL,NULL,NULL,NULL,NULL,NULL,NULL,NULL,NULL,NULL,NULL,NULL,NULL,NULL,NULL,NULL,NULL,NULL,NULL,NULL,NULL,NULL,NULL,NULL,NULL,NULL,NULL,NULL,NULL,NULL,NULL,NULL,NULL,NULL,NULL)
COMMIT
DELETE FROM CRONJOBS WHERE PK=8796093383157
INSERT INTO CRONJOBS VALUES(6384,8796096495698,NULL,'2014-12-04 19:24:21.273000','2014-12-02 19:29:26.902000',8796093383157,1,8796093153371,8796093186139,'2014-12-04 19:24:21.272000',0,8796093068191,'collectStatisticsCronJob',0,NULL,8796093678068,NULL,4,1,NULL,0,NULL,0,1,8796096233563,NULL,NULL,8796093087777,0,8796093087776,8796099510363,8796093054980,1,8796093284443,0,0,NULL,NULL,NULL,NULL,NULL,NULL,NULL,NULL,NULL,NULL,NULL,NULL,NULL,NULL,NULL,NULL,NULL,NULL,NULL,NULL,NULL,NULL,NULL,NULL,NULL,NULL,NULL,NULL,NULL,NULL,NULL,NULL,NULL,NULL,NULL,NULL,NULL,NULL,NULL,NULL,NULL,NULL,NULL,NULL,NULL,NULL,NULL,NULL,NULL,NULL,NULL,NULL,NULL,NULL,NULL,NULL,NULL,NULL,NULL,NULL,NULL,NULL,NULL,NULL,NULL,NULL,NULL,NULL,NULL,NULL,NULL,NULL,NULL,NULL,NULL,NULL,NULL,NULL,NULL,NULL,NULL,NULL,NULL,NULL,NULL,NULL,NULL,NULL,NULL,NULL,NULL,NULL,NULL,NULL,NULL,NULL,NULL,NULL)
COMMIT
INSERT INTO CUPPYTIMEPOINTSTATS VALUES(0,8796109144146,NULL,'2014-12-04 19:24:21.275000','2014-12-04 19:24:21.275000',8796781248676,0,0,0)
COMMIT
DELETE FROM CRONJOBS WHERE PK=8796093383157
INSERT INTO CRONJOBS VALUES(6385,8796096495698,NULL,'2014-12-04 19:24:21.277000','2014-12-02 19:29:26.902000',8796093383157,1,8796093153371,8796093186139,'2014-12-04 19:24:21.272000',0,8796093068191,'collectStatisticsCronJob',0,NULL,8796093678068,NULL,4,1,NULL,0,NULL,0,1,8796096299099,NULL,NULL,8796093087777,0,8796093087776,8796099510363,8796093054980,1,8796093284443,0,0,NULL,NULL,NULL,NULL,NULL,NULL,NULL,NULL,NULL,NULL,NULL,NULL,NULL,NULL,NULL,NULL,NULL,NULL,NULL,NULL,NULL,NULL,NULL,NULL,NULL,NULL,NULL,NULL,NULL,NULL,NULL,NULL,NULL,NULL,NULL,NULL,NULL,NULL,NULL,NULL,NULL,NULL,NULL,NULL,NULL,NULL,NULL,NULL,NULL,NULL,NULL,NULL,NULL,NULL,NULL,NULL,NULL,NULL,NULL,NULL,NULL,NULL,NULL,NULL,NULL,NULL,NULL,NULL,NULL,NULL,NULL,NULL,NULL,NULL,NULL,NULL,NULL,NULL,NULL,NULL,NULL,NULL,NULL,NULL,NULL,NULL,NULL,NULL,NULL,NULL,NULL,NULL,NULL,NULL,NULL,NULL,NULL,NULL)
COMMIT
DELETE FROM CRONJOBS WHERE PK=8796093383157
INSERT INTO CRONJOBS VALUES(6386,8796096495698,NULL,'2014-12-04 19:24:21.278000','2014-12-02 19:29:26.902000',8796093383157,1,8796093153371,8796093186139,'2014-12-04 19:24:21.272000',0,8796093068191,'collectStatisticsCronJob',0,NULL,8796093678068,NULL,4,1,NULL,0,NULL,0,1,8796096299099,NULL,'2014-12-04 19:24:21.278000',8796093087777,0,8796093087776,8796099510363,8796093054980,1,8796093284443,0,0,NULL,NULL,NULL,NULL,NULL,NULL,NULL,NULL,NULL,NULL,NULL,NULL,NULL,NULL,NULL,NULL,NULL,NULL,NULL,NULL,NULL,NULL,NULL,NULL,NULL,NULL,NULL,NULL,NULL,NULL,NULL,NULL,NULL,NULL,NULL,NULL,NULL,NULL,NULL,NULL,NULL,NULL,NULL,NULL,NULL,NULL,NULL,NULL,NULL,NULL,NULL,NULL,NULL,NULL,NULL,NULL,NULL,NULL,NULL,NULL,NULL,NULL,NULL,NULL,NULL,NULL,NULL,NULL,NULL,NULL,NULL,NULL,NULL,NULL,NULL,NULL,NULL,NULL,NULL,NULL,NULL,NULL,NULL,NULL,NULL,NULL,NULL,NULL,NULL,NULL,NULL,NULL,NULL,NULL,NULL,NULL,NULL,NULL)
COMMIT
/*C4*/DELETE FROM TRIGGERSCJ WHERE PK=8796093055478
INSERT INTO TRIGGERSCJ VALUES(916,8796096430162,NULL,'2014-12-04 19:25:21.266000','2014-12-02 19:29:26.930000',8796093055478,NULL,1,-1,'2014-12-04 19:26:00.000000',0,NULL,NULL,-1,0,NULL,0,-1,NULL,1,8796093383157,1,0,0)
COMMIT
DELETE FROM CRONJOBS WHERE PK=8796093383157
INSERT INTO CRONJOBS VALUES(6387,8796096495698,NULL,'2014-12-04 19:25:21.271000','2014-12-02 19:29:26.902000',8796093383157,1,8796093153371,8796093186139,'2014-12-04 19:24:21.272000',0,8796093068191,'collectStatisticsCronJob',0,NULL,8796093678068,NULL,4,1,NULL,0,NULL,0,1,8796093218907,NULL,'2014-12-04 19:24:21.278000',8796093087777,0,8796093087776,8796099510363,8796093054980,1,8796093284443,0,0,NULL,NULL,NULL,NULL,NULL,NULL,NULL,NULL,NULL,NULL,NULL,NULL,NULL,NULL,NULL,NULL,NULL,NULL,NULL,NULL,NULL,NULL,NULL,NULL,NULL,NULL,NULL,NULL,NULL,NULL,NULL,NULL,NULL,NULL,NULL,NULL,NULL,NULL,NULL,NULL,NULL,NULL,NULL,NULL,NULL,NULL,NULL,NULL,NULL,NULL,NULL,NULL,NULL,NULL,NULL,NULL,NULL,NULL,NULL,NULL,NULL,NULL,NULL,NULL,NULL,NULL,NULL,NULL,NULL,NULL,NULL,NULL,NULL,NULL,NULL,NULL,NULL,NULL,NULL,NULL,NULL,NULL,NULL,NULL,NULL,NULL,NULL,NULL,NULL,NULL,NULL,NULL,NULL,NULL,NULL,NULL,NULL,NULL)
COMMIT
DELETE FROM CRONJOBS WHERE PK=8796093383157
INSERT INTO CRONJOBS VALUES(6388,8796096495698,NULL,'2014-12-04 19:25:21.273000','2014-12-02 19:29:26.902000',8796093383157,1,8796093153371,8796093186139,NULL,0,8796093068191,'collectStatisticsCronJob',0,NULL,8796093678068,NULL,4,1,NULL,0,NULL,0,1,8796093218907,NULL,'2014-12-04 19:24:21.278000',8796093087777,0,8796093087776,8796099510363,8796093054980,1,8796093284443,0,0,NULL,NULL,NULL,NULL,NULL,NULL,NULL,NULL,NULL,NULL,NULL,NULL,NULL,NULL,NULL,NULL,NULL,NULL,NULL,NULL,NULL,NULL,NULL,NULL,NULL,NULL,NULL,NULL,NULL,NULL,NULL,NULL,NULL,NULL,NULL,NULL,NULL,NULL,NULL,NULL,NULL,NULL,NULL,NULL,NULL,NULL,NULL,NULL,NULL,NULL,NULL,NULL,NULL,NULL,NULL,NULL,NULL,NULL,NULL,NULL,NULL,NULL,NULL,NULL,NULL,NULL,NULL,NULL,NULL,NULL,NULL,NULL,NULL,NULL,NULL,NULL,NULL,NULL,NULL,NULL,NULL,NULL,NULL,NULL,NULL,NULL,NULL,NULL,NULL,NULL,NULL,NULL,NULL,NULL,NULL,NULL,NULL,NULL)
COMMIT
DELETE FROM CRONJOBS WHERE PK=8796093383157
INSERT INTO CRONJOBS VALUES(6389,8796096495698,NULL,'2014-12-04 19:25:21.274000','2014-12-02 19:29:26.902000',8796093383157,1,8796093153371,8796093186139,NULL,0,8796093068191,'collectStatisticsCronJob',0,NULL,8796093678068,NULL,4,1,NULL,0,NULL,0,1,8796093218907,NULL,NULL,8796093087777,0,8796093087776,8796099510363,8796093054980,1,8796093284443,0,0,NULL,NULL,NULL,NULL,NULL,NULL,NULL,NULL,NULL,NULL,NULL,NULL,NULL,NULL,NULL,NULL,NULL,NULL,NULL,NULL,NULL,NULL,NULL,NULL,NULL,NULL,NULL,NULL,NULL,NULL,NULL,NULL,NULL,NULL,NULL,NULL,NULL,NULL,NULL,NULL,NULL,NULL,NULL,NULL,NULL,NULL,NULL,NULL,NULL,NULL,NULL,NULL,NULL,NULL,NULL,NULL,NULL,NULL,NULL,NULL,NULL,NULL,NULL,NULL,NULL,NULL,NULL,NULL,NULL,NULL,NULL,NULL,NULL,NULL,NULL,NULL,NULL,NULL,NULL,NULL,NULL,NULL,NULL,NULL,NULL,NULL,NULL,NULL,NULL,NULL,NULL,NULL,NULL,NULL,NULL,NULL,NULL,NULL)
COMMIT
DELETE FROM CRONJOBS WHERE PK=8796093383157
INSERT INTO CRONJOBS VALUES(6390,8796096495698,NULL,'2014-12-04 19:25:21.276000','2014-12-02 19:29:26.902000',8796093383157,1,8796093153371,8796093186139,'2014-12-04 19:25:21.276000',0,8796093068191,'collectStatisticsCronJob',0,NULL,8796093678068,NULL,4,1,NULL,0,NULL,0,1,8796093218907,NULL,NULL,8796093087777,0,8796093087776,8796099510363,8796093054980,1,8796093284443,0,0,NULL,NULL,NULL,NULL,NULL,NULL,NULL,NULL,NULL,NULL,NULL,NULL,NULL,NULL,NULL,NULL,NULL,NULL,NULL,NULL,NULL,NULL,NULL,NULL,NULL,NULL,NULL,NULL,NULL,NULL,NULL,NULL,NULL,NULL,NULL,NULL,NULL,NULL,NULL,NULL,NULL,NULL,NULL,NULL,NULL,NULL,NULL,NULL,NULL,NULL,NULL,NULL,NULL,NULL,NULL,NULL,NULL,NULL,NULL,NULL,NULL,NULL,NULL,NULL,NULL,NULL,NULL,NULL,NULL,NULL,NULL,NULL,NULL,NULL,NULL,NULL,NULL,NULL,NULL,NULL,NULL,NULL,NULL,NULL,NULL,NULL,NULL,NULL,NULL,NULL,NULL,NULL,NULL,NULL,NULL,NULL,NULL,NULL)
COMMIT
DELETE FROM CRONJOBS WHERE PK=8796093383157
INSERT INTO CRONJOBS VALUES(6391,8796096495698,NULL,'2014-12-04 19:25:21.278000','2014-12-02 19:29:26.902000',8796093383157,1,8796093153371,8796093186139,'2014-12-04 19:25:21.276000',0,8796093068191,'collectStatisticsCronJob',0,NULL,8796093678068,NULL,4,1,NULL,0,NULL,0,1,8796096233563,NULL,NULL,8796093087777,0,8796093087776,8796099510363,8796093054980,1,8796093284443,0,0,NULL,NULL,NULL,NULL,NULL,NULL,NULL,NULL,NULL,NULL,NULL,NULL,NULL,NULL,NULL,NULL,NULL,NULL,NULL,NULL,NULL,NULL,NULL,NULL,NULL,NULL,NULL,NULL,NULL,NULL,NULL,NULL,NULL,NULL,NULL,NULL,NULL,NULL,NULL,NULL,NULL,NULL,NULL,NULL,NULL,NULL,NULL,NULL,NULL,NULL,NULL,NULL,NULL,NULL,NULL,NULL,NULL,NULL,NULL,NULL,NULL,NULL,NULL,NULL,NULL,NULL,NULL,NULL,NULL,NULL,NULL,NULL,NULL,NULL,NULL,NULL,NULL,NULL,NULL,NULL,NULL,NULL,NULL,NULL,NULL,NULL,NULL,NULL,NULL,NULL,NULL,NULL,NULL,NULL,NULL,NULL,NULL,NULL)
COMMIT
INSERT INTO CUPPYTIMEPOINTSTATS VALUES(0,8796109144146,NULL,'2014-12-04 19:25:21.281000','2014-12-04 19:25:21.281000',8796781281444,0,0,0)
COMMIT
DELETE FROM CRONJOBS WHERE PK=8796093383157
INSERT INTO CRONJOBS VALUES(6392,8796096495698,NULL,'2014-12-04 19:25:21.282000','2014-12-02 19:29:26.902000',8796093383157,1,8796093153371,8796093186139,'2014-12-04 19:25:21.276000',0,8796093068191,'collectStatisticsCronJob',0,NULL,8796093678068,NULL,4,1,NULL,0,NULL,0,1,8796096299099,NULL,NULL,8796093087777,0,8796093087776,8796099510363,8796093054980,1,8796093284443,0,0,NULL,NULL,NULL,NULL,NULL,NULL,NULL,NULL,NULL,NULL,NULL,NULL,NULL,NULL,NULL,NULL,NULL,NULL,NULL,NULL,NULL,NULL,NULL,NULL,NULL,NULL,NULL,NULL,NULL,NULL,NULL,NULL,NULL,NULL,NULL,NULL,NULL,NULL,NULL,NULL,NULL,NULL,NULL,NULL,NULL,NULL,NULL,NULL,NULL,NULL,NULL,NULL,NULL,NULL,NULL,NULL,NULL,NULL,NULL,NULL,NULL,NULL,NULL,NULL,NULL,NULL,NULL,NULL,NULL,NULL,NULL,NULL,NULL,NULL,NULL,NULL,NULL,NULL,NULL,NULL,NULL,NULL,NULL,NULL,NULL,NULL,NULL,NULL,NULL,NULL,NULL,NULL,NULL,NULL,NULL,NULL,NULL,NULL)
COMMIT
DELETE FROM CRONJOBS WHERE PK=8796093383157
INSERT INTO CRONJOBS VALUES(6393,8796096495698,NULL,'2014-12-04 19:25:21.283000','2014-12-02 19:29:26.902000',8796093383157,1,8796093153371,8796093186139,'2014-12-04 19:25:21.276000',0,8796093068191,'collectStatisticsCronJob',0,NULL,8796093678068,NULL,4,1,NULL,0,NULL,0,1,8796096299099,NULL,'2014-12-04 19:25:21.283000',8796093087777,0,8796093087776,8796099510363,8796093054980,1,8796093284443,0,0,NULL,NULL,NULL,NULL,NULL,NULL,NULL,NULL,NULL,NULL,NULL,NULL,NULL,NULL,NULL,NULL,NULL,NULL,NULL,NULL,NULL,NULL,NULL,NULL,NULL,NULL,NULL,NULL,NULL,NULL,NULL,NULL,NULL,NULL,NULL,NULL,NULL,NULL,NULL,NULL,NULL,NULL,NULL,NULL,NULL,NULL,NULL,NULL,NULL,NULL,NULL,NULL,NULL,NULL,NULL,NULL,NULL,NULL,NULL,NULL,NULL,NULL,NULL,NULL,NULL,NULL,NULL,NULL,NULL,NULL,NULL,NULL,NULL,NULL,NULL,NULL,NULL,NULL,NULL,NULL,NULL,NULL,NULL,NULL,NULL,NULL,NULL,NULL,NULL,NULL,NULL,NULL,NULL,NULL,NULL,NULL,NULL,NULL)
COMMIT
/*C2*/DELETE FROM TRIGGERSCJ WHERE PK=8796093055478
INSERT INTO TRIGGERSCJ VALUES(917,8796096430162,NULL,'2014-12-04 19:26:21.266000','2014-12-02 19:29:26.930000',8796093055478,NULL,1,-1,'2014-12-04 19:27:00.000000',0,NULL,NULL,-1,0,NULL,0,-1,NULL,1,8796093383157,1,0,0)
COMMIT
DELETE FROM CRONJOBS WHERE PK=8796093383157
INSERT INTO CRONJOBS VALUES(6394,8796096495698,NULL,'2014-12-04 19:26:21.271000','2014-12-02 19:29:26.902000',8796093383157,1,8796093153371,8796093186139,'2014-12-04 19:25:21.276000',0,8796093068191,'collectStatisticsCronJob',0,NULL,8796093678068,NULL,4,1,NULL,0,NULL,0,1,8796093218907,NULL,'2014-12-04 19:25:21.283000',8796093087777,0,8796093087776,8796099510363,8796093054980,1,8796093284443,0,0,NULL,NULL,NULL,NULL,NULL,NULL,NULL,NULL,NULL,NULL,NULL,NULL,NULL,NULL,NULL,NULL,NULL,NULL,NULL,NULL,NULL,NULL,NULL,NULL,NULL,NULL,NULL,NULL,NULL,NULL,NULL,NULL,NULL,NULL,NULL,NULL,NULL,NULL,NULL,NULL,NULL,NULL,NULL,NULL,NULL,NULL,NULL,NULL,NULL,NULL,NULL,NULL,NULL,NULL,NULL,NULL,NULL,NULL,NULL,NULL,NULL,NULL,NULL,NULL,NULL,NULL,NULL,NULL,NULL,NULL,NULL,NULL,NULL,NULL,NULL,NULL,NULL,NULL,NULL,NULL,NULL,NULL,NULL,NULL,NULL,NULL,NULL,NULL,NULL,NULL,NULL,NULL,NULL,NULL,NULL,NULL,NULL,NULL)
COMMIT
DELETE FROM CRONJOBS WHERE PK=8796093383157
INSERT INTO CRONJOBS VALUES(6395,8796096495698,NULL,'2014-12-04 19:26:21.273000','2014-12-02 19:29:26.902000',8796093383157,1,8796093153371,8796093186139,NULL,0,8796093068191,'collectStatisticsCronJob',0,NULL,8796093678068,NULL,4,1,NULL,0,NULL,0,1,8796093218907,NULL,'2014-12-04 19:25:21.283000',8796093087777,0,8796093087776,8796099510363,8796093054980,1,8796093284443,0,0,NULL,NULL,NULL,NULL,NULL,NULL,NULL,NULL,NULL,NULL,NULL,NULL,NULL,NULL,NULL,NULL,NULL,NULL,NULL,NULL,NULL,NULL,NULL,NULL,NULL,NULL,NULL,NULL,NULL,NULL,NULL,NULL,NULL,NULL,NULL,NULL,NULL,NULL,NULL,NULL,NULL,NULL,NULL,NULL,NULL,NULL,NULL,NULL,NULL,NULL,NULL,NULL,NULL,NULL,NULL,NULL,NULL,NULL,NULL,NULL,NULL,NULL,NULL,NULL,NULL,NULL,NULL,NULL,NULL,NULL,NULL,NULL,NULL,NULL,NULL,NULL,NULL,NULL,NULL,NULL,NULL,NULL,NULL,NULL,NULL,NULL,NULL,NULL,NULL,NULL,NULL,NULL,NULL,NULL,NULL,NULL,NULL,NULL)
COMMIT
DELETE FROM CRONJOBS WHERE PK=8796093383157
INSERT INTO CRONJOBS VALUES(6396,8796096495698,NULL,'2014-12-04 19:26:21.275000','2014-12-02 19:29:26.902000',8796093383157,1,8796093153371,8796093186139,NULL,0,8796093068191,'collectStatisticsCronJob',0,NULL,8796093678068,NULL,4,1,NULL,0,NULL,0,1,8796093218907,NULL,NULL,8796093087777,0,8796093087776,8796099510363,8796093054980,1,8796093284443,0,0,NULL,NULL,NULL,NULL,NULL,NULL,NULL,NULL,NULL,NULL,NULL,NULL,NULL,NULL,NULL,NULL,NULL,NULL,NULL,NULL,NULL,NULL,NULL,NULL,NULL,NULL,NULL,NULL,NULL,NULL,NULL,NULL,NULL,NULL,NULL,NULL,NULL,NULL,NULL,NULL,NULL,NULL,NULL,NULL,NULL,NULL,NULL,NULL,NULL,NULL,NULL,NULL,NULL,NULL,NULL,NULL,NULL,NULL,NULL,NULL,NULL,NULL,NULL,NULL,NULL,NULL,NULL,NULL,NULL,NULL,NULL,NULL,NULL,NULL,NULL,NULL,NULL,NULL,NULL,NULL,NULL,NULL,NULL,NULL,NULL,NULL,NULL,NULL,NULL,NULL,NULL,NULL,NULL,NULL,NULL,NULL,NULL,NULL)
COMMIT
DELETE FROM CRONJOBS WHERE PK=8796093383157
INSERT INTO CRONJOBS VALUES(6397,8796096495698,NULL,'2014-12-04 19:26:21.277000','2014-12-02 19:29:26.902000',8796093383157,1,8796093153371,8796093186139,'2014-12-04 19:26:21.277000',0,8796093068191,'collectStatisticsCronJob',0,NULL,8796093678068,NULL,4,1,NULL,0,NULL,0,1,8796093218907,NULL,NULL,8796093087777,0,8796093087776,8796099510363,8796093054980,1,8796093284443,0,0,NULL,NULL,NULL,NULL,NULL,NULL,NULL,NULL,NULL,NULL,NULL,NULL,NULL,NULL,NULL,NULL,NULL,NULL,NULL,NULL,NULL,NULL,NULL,NULL,NULL,NULL,NULL,NULL,NULL,NULL,NULL,NULL,NULL,NULL,NULL,NULL,NULL,NULL,NULL,NULL,NULL,NULL,NULL,NULL,NULL,NULL,NULL,NULL,NULL,NULL,NULL,NULL,NULL,NULL,NULL,NULL,NULL,NULL,NULL,NULL,NULL,NULL,NULL,NULL,NULL,NULL,NULL,NULL,NULL,NULL,NULL,NULL,NULL,NULL,NULL,NULL,NULL,NULL,NULL,NULL,NULL,NULL,NULL,NULL,NULL,NULL,NULL,NULL,NULL,NULL,NULL,NULL,NULL,NULL,NULL,NULL,NULL,NULL)
COMMIT
DELETE FROM CRONJOBS WHERE PK=8796093383157
INSERT INTO CRONJOBS VALUES(6398,8796096495698,NULL,'2014-12-04 19:26:21.279000','2014-12-02 19:29:26.902000',8796093383157,1,8796093153371,8796093186139,'2014-12-04 19:26:21.277000',0,8796093068191,'collectStatisticsCronJob',0,NULL,8796093678068,NULL,4,1,NULL,0,NULL,0,1,8796096233563,NULL,NULL,8796093087777,0,8796093087776,8796099510363,8796093054980,1,8796093284443,0,0,NULL,NULL,NULL,NULL,NULL,NULL,NULL,NULL,NULL,NULL,NULL,NULL,NULL,NULL,NULL,NULL,NULL,NULL,NULL,NULL,NULL,NULL,NULL,NULL,NULL,NULL,NULL,NULL,NULL,NULL,NULL,NULL,NULL,NULL,NULL,NULL,NULL,NULL,NULL,NULL,NULL,NULL,NULL,NULL,NULL,NULL,NULL,NULL,NULL,NULL,NULL,NULL,NULL,NULL,NULL,NULL,NULL,NULL,NULL,NULL,NULL,NULL,NULL,NULL,NULL,NULL,NULL,NULL,NULL,NULL,NULL,NULL,NULL,NULL,NULL,NULL,NULL,NULL,NULL,NULL,NULL,NULL,NULL,NULL,NULL,NULL,NULL,NULL,NULL,NULL,NULL,NULL,NULL,NULL,NULL,NULL,NULL,NULL)
COMMIT
INSERT INTO CUPPYTIMEPOINTSTATS VALUES(0,8796109144146,NULL,'2014-12-04 19:26:21.281000','2014-12-04 19:26:21.281000',8796781314212,0,0,0)
COMMIT
DELETE FROM CRONJOBS WHERE PK=8796093383157
INSERT INTO CRONJOBS VALUES(6399,8796096495698,NULL,'2014-12-04 19:26:21.283000','2014-12-02 19:29:26.902000',8796093383157,1,8796093153371,8796093186139,'2014-12-04 19:26:21.277000',0,8796093068191,'collectStatisticsCronJob',0,NULL,8796093678068,NULL,4,1,NULL,0,NULL,0,1,8796096299099,NULL,NULL,8796093087777,0,8796093087776,8796099510363,8796093054980,1,8796093284443,0,0,NULL,NULL,NULL,NULL,NULL,NULL,NULL,NULL,NULL,NULL,NULL,NULL,NULL,NULL,NULL,NULL,NULL,NULL,NULL,NULL,NULL,NULL,NULL,NULL,NULL,NULL,NULL,NULL,NULL,NULL,NULL,NULL,NULL,NULL,NULL,NULL,NULL,NULL,NULL,NULL,NULL,NULL,NULL,NULL,NULL,NULL,NULL,NULL,NULL,NULL,NULL,NULL,NULL,NULL,NULL,NULL,NULL,NULL,NULL,NULL,NULL,NULL,NULL,NULL,NULL,NULL,NULL,NULL,NULL,NULL,NULL,NULL,NULL,NULL,NULL,NULL,NULL,NULL,NULL,NULL,NULL,NULL,NULL,NULL,NULL,NULL,NULL,NULL,NULL,NULL,NULL,NULL,NULL,NULL,NULL,NULL,NULL,NULL)
COMMIT
DELETE FROM CRONJOBS WHERE PK=8796093383157
INSERT INTO CRONJOBS VALUES(6400,8796096495698,NULL,'2014-12-04 19:26:21.284000','2014-12-02 19:29:26.902000',8796093383157,1,8796093153371,8796093186139,'2014-12-04 19:26:21.277000',0,8796093068191,'collectStatisticsCronJob',0,NULL,8796093678068,NULL,4,1,NULL,0,NULL,0,1,8796096299099,NULL,'2014-12-04 19:26:21.284000',8796093087777,0,8796093087776,8796099510363,8796093054980,1,8796093284443,0,0,NULL,NULL,NULL,NULL,NULL,NULL,NULL,NULL,NULL,NULL,NULL,NULL,NULL,NULL,NULL,NULL,NULL,NULL,NULL,NULL,NULL,NULL,NULL,NULL,NULL,NULL,NULL,NULL,NULL,NULL,NULL,NULL,NULL,NULL,NULL,NULL,NULL,NULL,NULL,NULL,NULL,NULL,NULL,NULL,NULL,NULL,NULL,NULL,NULL,NULL,NULL,NULL,NULL,NULL,NULL,NULL,NULL,NULL,NULL,NULL,NULL,NULL,NULL,NULL,NULL,NULL,NULL,NULL,NULL,NULL,NULL,NULL,NULL,NULL,NULL,NULL,NULL,NULL,NULL,NULL,NULL,NULL,NULL,NULL,NULL,NULL,NULL,NULL,NULL,NULL,NULL,NULL,NULL,NULL,NULL,NULL,NULL,NULL)
COMMIT
/*C4*/DELETE FROM TRIGGERSCJ WHERE PK=8796093055478
INSERT INTO TRIGGERSCJ VALUES(918,8796096430162,NULL,'2014-12-04 19:27:21.266000','2014-12-02 19:29:26.930000',8796093055478,NULL,1,-1,'2014-12-04 19:28:00.000000',0,NULL,NULL,-1,0,NULL,0,-1,NULL,1,8796093383157,1,0,0)
COMMIT
DELETE FROM CRONJOBS WHERE PK=8796093383157
INSERT INTO CRONJOBS VALUES(6401,8796096495698,NULL,'2014-12-04 19:27:21.271000','2014-12-02 19:29:26.902000',8796093383157,1,8796093153371,8796093186139,'2014-12-04 19:26:21.277000',0,8796093068191,'collectStatisticsCronJob',0,NULL,8796093678068,NULL,4,1,NULL,0,NULL,0,1,8796093218907,NULL,'2014-12-04 19:26:21.284000',8796093087777,0,8796093087776,8796099510363,8796093054980,1,8796093284443,0,0,NULL,NULL,NULL,NULL,NULL,NULL,NULL,NULL,NULL,NULL,NULL,NULL,NULL,NULL,NULL,NULL,NULL,NULL,NULL,NULL,NULL,NULL,NULL,NULL,NULL,NULL,NULL,NULL,NULL,NULL,NULL,NULL,NULL,NULL,NULL,NULL,NULL,NULL,NULL,NULL,NULL,NULL,NULL,NULL,NULL,NULL,NULL,NULL,NULL,NULL,NULL,NULL,NULL,NULL,NULL,NULL,NULL,NULL,NULL,NULL,NULL,NULL,NULL,NULL,NULL,NULL,NULL,NULL,NULL,NULL,NULL,NULL,NULL,NULL,NULL,NULL,NULL,NULL,NULL,NULL,NULL,NULL,NULL,NULL,NULL,NULL,NULL,NULL,NULL,NULL,NULL,NULL,NULL,NULL,NULL,NULL,NULL,NULL)
COMMIT
DELETE FROM CRONJOBS WHERE PK=8796093383157
INSERT INTO CRONJOBS VALUES(6402,8796096495698,NULL,'2014-12-04 19:27:21.273000','2014-12-02 19:29:26.902000',8796093383157,1,8796093153371,8796093186139,NULL,0,8796093068191,'collectStatisticsCronJob',0,NULL,8796093678068,NULL,4,1,NULL,0,NULL,0,1,8796093218907,NULL,'2014-12-04 19:26:21.284000',8796093087777,0,8796093087776,8796099510363,8796093054980,1,8796093284443,0,0,NULL,NULL,NULL,NULL,NULL,NULL,NULL,NULL,NULL,NULL,NULL,NULL,NULL,NULL,NULL,NULL,NULL,NULL,NULL,NULL,NULL,NULL,NULL,NULL,NULL,NULL,NULL,NULL,NULL,NULL,NULL,NULL,NULL,NULL,NULL,NULL,NULL,NULL,NULL,NULL,NULL,NULL,NULL,NULL,NULL,NULL,NULL,NULL,NULL,NULL,NULL,NULL,NULL,NULL,NULL,NULL,NULL,NULL,NULL,NULL,NULL,NULL,NULL,NULL,NULL,NULL,NULL,NULL,NULL,NULL,NULL,NULL,NULL,NULL,NULL,NULL,NULL,NULL,NULL,NULL,NULL,NULL,NULL,NULL,NULL,NULL,NULL,NULL,NULL,NULL,NULL,NULL,NULL,NULL,NULL,NULL,NULL,NULL)
COMMIT
DELETE FROM CRONJOBS WHERE PK=8796093383157
INSERT INTO CRONJOBS VALUES(6403,8796096495698,NULL,'2014-12-04 19:27:21.275000','2014-12-02 19:29:26.902000',8796093383157,1,8796093153371,8796093186139,NULL,0,8796093068191,'collectStatisticsCronJob',0,NULL,8796093678068,NULL,4,1,NULL,0,NULL,0,1,8796093218907,NULL,NULL,8796093087777,0,8796093087776,8796099510363,8796093054980,1,8796093284443,0,0,NULL,NULL,NULL,NULL,NULL,NULL,NULL,NULL,NULL,NULL,NULL,NULL,NULL,NULL,NULL,NULL,NULL,NULL,NULL,NULL,NULL,NULL,NULL,NULL,NULL,NULL,NULL,NULL,NULL,NULL,NULL,NULL,NULL,NULL,NULL,NULL,NULL,NULL,NULL,NULL,NULL,NULL,NULL,NULL,NULL,NULL,NULL,NULL,NULL,NULL,NULL,NULL,NULL,NULL,NULL,NULL,NULL,NULL,NULL,NULL,NULL,NULL,NULL,NULL,NULL,NULL,NULL,NULL,NULL,NULL,NULL,NULL,NULL,NULL,NULL,NULL,NULL,NULL,NULL,NULL,NULL,NULL,NULL,NULL,NULL,NULL,NULL,NULL,NULL,NULL,NULL,NULL,NULL,NULL,NULL,NULL,NULL,NULL)
COMMIT
DELETE FROM CRONJOBS WHERE PK=8796093383157
INSERT INTO CRONJOBS VALUES(6404,8796096495698,NULL,'2014-12-04 19:27:21.276000','2014-12-02 19:29:26.902000',8796093383157,1,8796093153371,8796093186139,'2014-12-04 19:27:21.276000',0,8796093068191,'collectStatisticsCronJob',0,NULL,8796093678068,NULL,4,1,NULL,0,NULL,0,1,8796093218907,NULL,NULL,8796093087777,0,8796093087776,8796099510363,8796093054980,1,8796093284443,0,0,NULL,NULL,NULL,NULL,NULL,NULL,NULL,NULL,NULL,NULL,NULL,NULL,NULL,NULL,NULL,NULL,NULL,NULL,NULL,NULL,NULL,NULL,NULL,NULL,NULL,NULL,NULL,NULL,NULL,NULL,NULL,NULL,NULL,NULL,NULL,NULL,NULL,NULL,NULL,NULL,NULL,NULL,NULL,NULL,NULL,NULL,NULL,NULL,NULL,NULL,NULL,NULL,NULL,NULL,NULL,NULL,NULL,NULL,NULL,NULL,NULL,NULL,NULL,NULL,NULL,NULL,NULL,NULL,NULL,NULL,NULL,NULL,NULL,NULL,NULL,NULL,NULL,NULL,NULL,NULL,NULL,NULL,NULL,NULL,NULL,NULL,NULL,NULL,NULL,NULL,NULL,NULL,NULL,NULL,NULL,NULL,NULL,NULL)
COMMIT
DELETE FROM CRONJOBS WHERE PK=8796093383157
INSERT INTO CRONJOBS VALUES(6405,8796096495698,NULL,'2014-12-04 19:27:21.278000','2014-12-02 19:29:26.902000',8796093383157,1,8796093153371,8796093186139,'2014-12-04 19:27:21.276000',0,8796093068191,'collectStatisticsCronJob',0,NULL,8796093678068,NULL,4,1,NULL,0,NULL,0,1,8796096233563,NULL,NULL,8796093087777,0,8796093087776,8796099510363,8796093054980,1,8796093284443,0,0,NULL,NULL,NULL,NULL,NULL,NULL,NULL,NULL,NULL,NULL,NULL,NULL,NULL,NULL,NULL,NULL,NULL,NULL,NULL,NULL,NULL,NULL,NULL,NULL,NULL,NULL,NULL,NULL,NULL,NULL,NULL,NULL,NULL,NULL,NULL,NULL,NULL,NULL,NULL,NULL,NULL,NULL,NULL,NULL,NULL,NULL,NULL,NULL,NULL,NULL,NULL,NULL,NULL,NULL,NULL,NULL,NULL,NULL,NULL,NULL,NULL,NULL,NULL,NULL,NULL,NULL,NULL,NULL,NULL,NULL,NULL,NULL,NULL,NULL,NULL,NULL,NULL,NULL,NULL,NULL,NULL,NULL,NULL,NULL,NULL,NULL,NULL,NULL,NULL,NULL,NULL,NULL,NULL,NULL,NULL,NULL,NULL,NULL)
COMMIT
INSERT INTO CUPPYTIMEPOINTSTATS VALUES(0,8796109144146,NULL,'2014-12-04 19:27:21.281000','2014-12-04 19:27:21.281000',8796781346980,0,0,0)
COMMIT
DELETE FROM CRONJOBS WHERE PK=8796093383157
INSERT INTO CRONJOBS VALUES(6406,8796096495698,NULL,'2014-12-04 19:27:21.282000','2014-12-02 19:29:26.902000',8796093383157,1,8796093153371,8796093186139,'2014-12-04 19:27:21.276000',0,8796093068191,'collectStatisticsCronJob',0,NULL,8796093678068,NULL,4,1,NULL,0,NULL,0,1,8796096299099,NULL,NULL,8796093087777,0,8796093087776,8796099510363,8796093054980,1,8796093284443,0,0,NULL,NULL,NULL,NULL,NULL,NULL,NULL,NULL,NULL,NULL,NULL,NULL,NULL,NULL,NULL,NULL,NULL,NULL,NULL,NULL,NULL,NULL,NULL,NULL,NULL,NULL,NULL,NULL,NULL,NULL,NULL,NULL,NULL,NULL,NULL,NULL,NULL,NULL,NULL,NULL,NULL,NULL,NULL,NULL,NULL,NULL,NULL,NULL,NULL,NULL,NULL,NULL,NULL,NULL,NULL,NULL,NULL,NULL,NULL,NULL,NULL,NULL,NULL,NULL,NULL,NULL,NULL,NULL,NULL,NULL,NULL,NULL,NULL,NULL,NULL,NULL,NULL,NULL,NULL,NULL,NULL,NULL,NULL,NULL,NULL,NULL,NULL,NULL,NULL,NULL,NULL,NULL,NULL,NULL,NULL,NULL,NULL,NULL)
COMMIT
DELETE FROM CRONJOBS WHERE PK=8796093383157
INSERT INTO CRONJOBS VALUES(6407,8796096495698,NULL,'2014-12-04 19:27:21.283000','2014-12-02 19:29:26.902000',8796093383157,1,8796093153371,8796093186139,'2014-12-04 19:27:21.276000',0,8796093068191,'collectStatisticsCronJob',0,NULL,8796093678068,NULL,4,1,NULL,0,NULL,0,1,8796096299099,NULL,'2014-12-04 19:27:21.283000',8796093087777,0,8796093087776,8796099510363,8796093054980,1,8796093284443,0,0,NULL,NULL,NULL,NULL,NULL,NULL,NULL,NULL,NULL,NULL,NULL,NULL,NULL,NULL,NULL,NULL,NULL,NULL,NULL,NULL,NULL,NULL,NULL,NULL,NULL,NULL,NULL,NULL,NULL,NULL,NULL,NULL,NULL,NULL,NULL,NULL,NULL,NULL,NULL,NULL,NULL,NULL,NULL,NULL,NULL,NULL,NULL,NULL,NULL,NULL,NULL,NULL,NULL,NULL,NULL,NULL,NULL,NULL,NULL,NULL,NULL,NULL,NULL,NULL,NULL,NULL,NULL,NULL,NULL,NULL,NULL,NULL,NULL,NULL,NULL,NULL,NULL,NULL,NULL,NULL,NULL,NULL,NULL,NULL,NULL,NULL,NULL,NULL,NULL,NULL,NULL,NULL,NULL,NULL,NULL,NULL,NULL,NULL)
COMMIT
/*C6*/DISCONNECT
/*C18*/SET SCHEMA PUBLIC
SET DATABASE TRANSACTION CONTROL MVCC
/*C7*/DISCONNECT
/*C19*/SET SCHEMA PUBLIC
SET DATABASE TRANSACTION CONTROL MVCC
/*C8*/DISCONNECT
/*C20*/SET SCHEMA PUBLIC
SET DATABASE TRANSACTION CONTROL MVCC
/*C9*/DISCONNECT
/*C21*/SET SCHEMA PUBLIC
SET DATABASE TRANSACTION CONTROL MVCC
/*C10*/DISCONNECT
/*C22*/SET SCHEMA PUBLIC
SET DATABASE TRANSACTION CONTROL MVCC
/*C3*/DISCONNECT
/*C5*/DISCONNECT
/*C12*/DISCONNECT
/*C23*/SET SCHEMA PUBLIC
SET DATABASE TRANSACTION CONTROL MVCC
/*C24*/SET SCHEMA PUBLIC
SET DATABASE TRANSACTION CONTROL MVCC
/*C13*/DISCONNECT
/*C25*/SET SCHEMA PUBLIC
SET DATABASE TRANSACTION CONTROL MVCC
/*C14*/DISCONNECT
/*C26*/SET SCHEMA PUBLIC
SET DATABASE TRANSACTION CONTROL MVCC
/*C15*/DISCONNECT
/*C27*/SET SCHEMA PUBLIC
SET DATABASE TRANSACTION CONTROL MVCC
/*C16*/DISCONNECT
/*C28*/SET SCHEMA PUBLIC
SET DATABASE TRANSACTION CONTROL MVCC
/*C17*/DISCONNECT
/*C29*/SET SCHEMA PUBLIC
SET DATABASE TRANSACTION CONTROL MVCC
/*C2*/DELETE FROM TRIGGERSCJ WHERE PK=8796093055478
INSERT INTO TRIGGERSCJ VALUES(919,8796096430162,NULL,'2014-12-04 19:28:21.265000','2014-12-02 19:29:26.930000',8796093055478,NULL,1,-1,'2014-12-04 19:29:00.000000',0,NULL,NULL,-1,0,NULL,0,-1,NULL,1,8796093383157,1,0,0)
COMMIT
DELETE FROM CRONJOBS WHERE PK=8796093383157
INSERT INTO CRONJOBS VALUES(6408,8796096495698,NULL,'2014-12-04 19:28:21.267000','2014-12-02 19:29:26.902000',8796093383157,1,8796093153371,8796093186139,'2014-12-04 19:27:21.276000',0,8796093068191,'collectStatisticsCronJob',0,NULL,8796093678068,NULL,4,1,NULL,0,NULL,0,1,8796093218907,NULL,'2014-12-04 19:27:21.283000',8796093087777,0,8796093087776,8796099510363,8796093054980,1,8796093284443,0,0,NULL,NULL,NULL,NULL,NULL,NULL,NULL,NULL,NULL,NULL,NULL,NULL,NULL,NULL,NULL,NULL,NULL,NULL,NULL,NULL,NULL,NULL,NULL,NULL,NULL,NULL,NULL,NULL,NULL,NULL,NULL,NULL,NULL,NULL,NULL,NULL,NULL,NULL,NULL,NULL,NULL,NULL,NULL,NULL,NULL,NULL,NULL,NULL,NULL,NULL,NULL,NULL,NULL,NULL,NULL,NULL,NULL,NULL,NULL,NULL,NULL,NULL,NULL,NULL,NULL,NULL,NULL,NULL,NULL,NULL,NULL,NULL,NULL,NULL,NULL,NULL,NULL,NULL,NULL,NULL,NULL,NULL,NULL,NULL,NULL,NULL,NULL,NULL,NULL,NULL,NULL,NULL,NULL,NULL,NULL,NULL,NULL,NULL)
COMMIT
DELETE FROM CRONJOBS WHERE PK=8796093383157
INSERT INTO CRONJOBS VALUES(6409,8796096495698,NULL,'2014-12-04 19:28:21.268000','2014-12-02 19:29:26.902000',8796093383157,1,8796093153371,8796093186139,NULL,0,8796093068191,'collectStatisticsCronJob',0,NULL,8796093678068,NULL,4,1,NULL,0,NULL,0,1,8796093218907,NULL,'2014-12-04 19:27:21.283000',8796093087777,0,8796093087776,8796099510363,8796093054980,1,8796093284443,0,0,NULL,NULL,NULL,NULL,NULL,NULL,NULL,NULL,NULL,NULL,NULL,NULL,NULL,NULL,NULL,NULL,NULL,NULL,NULL,NULL,NULL,NULL,NULL,NULL,NULL,NULL,NULL,NULL,NULL,NULL,NULL,NULL,NULL,NULL,NULL,NULL,NULL,NULL,NULL,NULL,NULL,NULL,NULL,NULL,NULL,NULL,NULL,NULL,NULL,NULL,NULL,NULL,NULL,NULL,NULL,NULL,NULL,NULL,NULL,NULL,NULL,NULL,NULL,NULL,NULL,NULL,NULL,NULL,NULL,NULL,NULL,NULL,NULL,NULL,NULL,NULL,NULL,NULL,NULL,NULL,NULL,NULL,NULL,NULL,NULL,NULL,NULL,NULL,NULL,NULL,NULL,NULL,NULL,NULL,NULL,NULL,NULL,NULL)
COMMIT
DELETE FROM CRONJOBS WHERE PK=8796093383157
INSERT INTO CRONJOBS VALUES(6410,8796096495698,NULL,'2014-12-04 19:28:21.269000','2014-12-02 19:29:26.902000',8796093383157,1,8796093153371,8796093186139,NULL,0,8796093068191,'collectStatisticsCronJob',0,NULL,8796093678068,NULL,4,1,NULL,0,NULL,0,1,8796093218907,NULL,NULL,8796093087777,0,8796093087776,8796099510363,8796093054980,1,8796093284443,0,0,NULL,NULL,NULL,NULL,NULL,NULL,NULL,NULL,NULL,NULL,NULL,NULL,NULL,NULL,NULL,NULL,NULL,NULL,NULL,NULL,NULL,NULL,NULL,NULL,NULL,NULL,NULL,NULL,NULL,NULL,NULL,NULL,NULL,NULL,NULL,NULL,NULL,NULL,NULL,NULL,NULL,NULL,NULL,NULL,NULL,NULL,NULL,NULL,NULL,NULL,NULL,NULL,NULL,NULL,NULL,NULL,NULL,NULL,NULL,NULL,NULL,NULL,NULL,NULL,NULL,NULL,NULL,NULL,NULL,NULL,NULL,NULL,NULL,NULL,NULL,NULL,NULL,NULL,NULL,NULL,NULL,NULL,NULL,NULL,NULL,NULL,NULL,NULL,NULL,NULL,NULL,NULL,NULL,NULL,NULL,NULL,NULL,NULL)
COMMIT
DELETE FROM CRONJOBS WHERE PK=8796093383157
INSERT INTO CRONJOBS VALUES(6411,8796096495698,NULL,'2014-12-04 19:28:21.270000','2014-12-02 19:29:26.902000',8796093383157,1,8796093153371,8796093186139,'2014-12-04 19:28:21.270000',0,8796093068191,'collectStatisticsCronJob',0,NULL,8796093678068,NULL,4,1,NULL,0,NULL,0,1,8796093218907,NULL,NULL,8796093087777,0,8796093087776,8796099510363,8796093054980,1,8796093284443,0,0,NULL,NULL,NULL,NULL,NULL,NULL,NULL,NULL,NULL,NULL,NULL,NULL,NULL,NULL,NULL,NULL,NULL,NULL,NULL,NULL,NULL,NULL,NULL,NULL,NULL,NULL,NULL,NULL,NULL,NULL,NULL,NULL,NULL,NULL,NULL,NULL,NULL,NULL,NULL,NULL,NULL,NULL,NULL,NULL,NULL,NULL,NULL,NULL,NULL,NULL,NULL,NULL,NULL,NULL,NULL,NULL,NULL,NULL,NULL,NULL,NULL,NULL,NULL,NULL,NULL,NULL,NULL,NULL,NULL,NULL,NULL,NULL,NULL,NULL,NULL,NULL,NULL,NULL,NULL,NULL,NULL,NULL,NULL,NULL,NULL,NULL,NULL,NULL,NULL,NULL,NULL,NULL,NULL,NULL,NULL,NULL,NULL,NULL)
COMMIT
DELETE FROM CRONJOBS WHERE PK=8796093383157
INSERT INTO CRONJOBS VALUES(6412,8796096495698,NULL,'2014-12-04 19:28:21.271000','2014-12-02 19:29:26.902000',8796093383157,1,8796093153371,8796093186139,'2014-12-04 19:28:21.270000',0,8796093068191,'collectStatisticsCronJob',0,NULL,8796093678068,NULL,4,1,NULL,0,NULL,0,1,8796096233563,NULL,NULL,8796093087777,0,8796093087776,8796099510363,8796093054980,1,8796093284443,0,0,NULL,NULL,NULL,NULL,NULL,NULL,NULL,NULL,NULL,NULL,NULL,NULL,NULL,NULL,NULL,NULL,NULL,NULL,NULL,NULL,NULL,NULL,NULL,NULL,NULL,NULL,NULL,NULL,NULL,NULL,NULL,NULL,NULL,NULL,NULL,NULL,NULL,NULL,NULL,NULL,NULL,NULL,NULL,NULL,NULL,NULL,NULL,NULL,NULL,NULL,NULL,NULL,NULL,NULL,NULL,NULL,NULL,NULL,NULL,NULL,NULL,NULL,NULL,NULL,NULL,NULL,NULL,NULL,NULL,NULL,NULL,NULL,NULL,NULL,NULL,NULL,NULL,NULL,NULL,NULL,NULL,NULL,NULL,NULL,NULL,NULL,NULL,NULL,NULL,NULL,NULL,NULL,NULL,NULL,NULL,NULL,NULL,NULL)
COMMIT
INSERT INTO CUPPYTIMEPOINTSTATS VALUES(0,8796109144146,NULL,'2014-12-04 19:28:21.273000','2014-12-04 19:28:21.273000',8796781379748,0,0,0)
COMMIT
DELETE FROM CRONJOBS WHERE PK=8796093383157
INSERT INTO CRONJOBS VALUES(6413,8796096495698,NULL,'2014-12-04 19:28:21.274000','2014-12-02 19:29:26.902000',8796093383157,1,8796093153371,8796093186139,'2014-12-04 19:28:21.270000',0,8796093068191,'collectStatisticsCronJob',0,NULL,8796093678068,NULL,4,1,NULL,0,NULL,0,1,8796096299099,NULL,NULL,8796093087777,0,8796093087776,8796099510363,8796093054980,1,8796093284443,0,0,NULL,NULL,NULL,NULL,NULL,NULL,NULL,NULL,NULL,NULL,NULL,NULL,NULL,NULL,NULL,NULL,NULL,NULL,NULL,NULL,NULL,NULL,NULL,NULL,NULL,NULL,NULL,NULL,NULL,NULL,NULL,NULL,NULL,NULL,NULL,NULL,NULL,NULL,NULL,NULL,NULL,NULL,NULL,NULL,NULL,NULL,NULL,NULL,NULL,NULL,NULL,NULL,NULL,NULL,NULL,NULL,NULL,NULL,NULL,NULL,NULL,NULL,NULL,NULL,NULL,NULL,NULL,NULL,NULL,NULL,NULL,NULL,NULL,NULL,NULL,NULL,NULL,NULL,NULL,NULL,NULL,NULL,NULL,NULL,NULL,NULL,NULL,NULL,NULL,NULL,NULL,NULL,NULL,NULL,NULL,NULL,NULL,NULL)
COMMIT
DELETE FROM CRONJOBS WHERE PK=8796093383157
INSERT INTO CRONJOBS VALUES(6414,8796096495698,NULL,'2014-12-04 19:28:21.275000','2014-12-02 19:29:26.902000',8796093383157,1,8796093153371,8796093186139,'2014-12-04 19:28:21.270000',0,8796093068191,'collectStatisticsCronJob',0,NULL,8796093678068,NULL,4,1,NULL,0,NULL,0,1,8796096299099,NULL,'2014-12-04 19:28:21.275000',8796093087777,0,8796093087776,8796099510363,8796093054980,1,8796093284443,0,0,NULL,NULL,NULL,NULL,NULL,NULL,NULL,NULL,NULL,NULL,NULL,NULL,NULL,NULL,NULL,NULL,NULL,NULL,NULL,NULL,NULL,NULL,NULL,NULL,NULL,NULL,NULL,NULL,NULL,NULL,NULL,NULL,NULL,NULL,NULL,NULL,NULL,NULL,NULL,NULL,NULL,NULL,NULL,NULL,NULL,NULL,NULL,NULL,NULL,NULL,NULL,NULL,NULL,NULL,NULL,NULL,NULL,NULL,NULL,NULL,NULL,NULL,NULL,NULL,NULL,NULL,NULL,NULL,NULL,NULL,NULL,NULL,NULL,NULL,NULL,NULL,NULL,NULL,NULL,NULL,NULL,NULL,NULL,NULL,NULL,NULL,NULL,NULL,NULL,NULL,NULL,NULL,NULL,NULL,NULL,NULL,NULL,NULL)
COMMIT
/*C30*/SET SCHEMA PUBLIC
SET DATABASE TRANSACTION CONTROL MVCC
/*C31*/SET SCHEMA PUBLIC
SET DATABASE TRANSACTION CONTROL MVCC
/*C30*/DELETE FROM CUPPYTRAILSTADIUM WHERE PK=8796093065099
INSERT INTO CUPPYTRAILSTADIUM VALUES(1,8796109799506,NULL,'2014-12-04 19:28:54.325000','2014-12-04 19:19:13.263000',8796093065099,1222,'metalist',8796133392475,0,0)
COMMIT
/*C31*/DELETE FROM NUMBERSERIES WHERE SERIESKEY='pk_334'
INSERT INTO NUMBERSERIES VALUES(NULL,'pk_334',NULL,1,2001)
COMMIT
/*C30*/INSERT INTO SAVEDVALUES VALUES(0,8796096069714,NULL,'2014-12-04 19:28:54.334000','2014-12-04 19:28:54.334000',8796125823310,8796109799506,8796093054980,8796093065099,1,'2014-12-04 19:28:54.327000',8796097708123,0,0)
INSERT INTO PROPS VALUES(NULL,NULL,8796125823310,8796096069714,'modifieditemdisplaystring',1,'metalist(8796093065099)',0,'modifieditemdisplaystring')
COMMIT
/*C31*/DELETE FROM NUMBERSERIES WHERE SERIESKEY='pk_335'
INSERT INTO NUMBERSERIES VALUES(NULL,'pk_335',NULL,1,2001)
COMMIT
/*C30*/INSERT INTO SAVEDVALUEENTRY VALUES(0,8796096102482,NULL,'2014-12-04 19:28:54.338000','2014-12-04 19:28:54.338000',8796125823311,'capacity',8796482797655,8796125823310,0,0)
INSERT INTO PROPS VALUES(NULL,NULL,8796125823311,8796096102482,'newvalue',6,'1222',0,'newvalue')
COMMIT
/*C31*/DELETE FROM TRIGGERSCJ WHERE PK=8796093055478
INSERT INTO TRIGGERSCJ VALUES(920,8796096430162,NULL,'2014-12-04 19:29:21.268000','2014-12-02 19:29:26.930000',8796093055478,NULL,1,-1,'2014-12-04 19:30:00.000000',0,NULL,NULL,-1,0,NULL,0,-1,NULL,1,8796093383157,1,0,0)
COMMIT
DELETE FROM CRONJOBS WHERE PK=8796093383157
INSERT INTO CRONJOBS VALUES(6415,8796096495698,NULL,'2014-12-04 19:29:21.274000','2014-12-02 19:29:26.902000',8796093383157,1,8796093153371,8796093186139,'2014-12-04 19:28:21.270000',0,8796093068191,'collectStatisticsCronJob',0,NULL,8796093678068,NULL,4,1,NULL,0,NULL,0,1,8796093218907,NULL,'2014-12-04 19:28:21.275000',8796093087777,0,8796093087776,8796099510363,8796093054980,1,8796093284443,0,0,NULL,NULL,NULL,NULL,NULL,NULL,NULL,NULL,NULL,NULL,NULL,NULL,NULL,NULL,NULL,NULL,NULL,NULL,NULL,NULL,NULL,NULL,NULL,NULL,NULL,NULL,NULL,NULL,NULL,NULL,NULL,NULL,NULL,NULL,NULL,NULL,NULL,NULL,NULL,NULL,NULL,NULL,NULL,NULL,NULL,NULL,NULL,NULL,NULL,NULL,NULL,NULL,NULL,NULL,NULL,NULL,NULL,NULL,NULL,NULL,NULL,NULL,NULL,NULL,NULL,NULL,NULL,NULL,NULL,NULL,NULL,NULL,NULL,NULL,NULL,NULL,NULL,NULL,NULL,NULL,NULL,NULL,NULL,NULL,NULL,NULL,NULL,NULL,NULL,NULL,NULL,NULL,NULL,NULL,NULL,NULL,NULL,NULL)
COMMIT
DELETE FROM CRONJOBS WHERE PK=8796093383157
INSERT INTO CRONJOBS VALUES(6416,8796096495698,NULL,'2014-12-04 19:29:21.276000','2014-12-02 19:29:26.902000',8796093383157,1,8796093153371,8796093186139,NULL,0,8796093068191,'collectStatisticsCronJob',0,NULL,8796093678068,NULL,4,1,NULL,0,NULL,0,1,8796093218907,NULL,'2014-12-04 19:28:21.275000',8796093087777,0,8796093087776,8796099510363,8796093054980,1,8796093284443,0,0,NULL,NULL,NULL,NULL,NULL,NULL,NULL,NULL,NULL,NULL,NULL,NULL,NULL,NULL,NULL,NULL,NULL,NULL,NULL,NULL,NULL,NULL,NULL,NULL,NULL,NULL,NULL,NULL,NULL,NULL,NULL,NULL,NULL,NULL,NULL,NULL,NULL,NULL,NULL,NULL,NULL,NULL,NULL,NULL,NULL,NULL,NULL,NULL,NULL,NULL,NULL,NULL,NULL,NULL,NULL,NULL,NULL,NULL,NULL,NULL,NULL,NULL,NULL,NULL,NULL,NULL,NULL,NULL,NULL,NULL,NULL,NULL,NULL,NULL,NULL,NULL,NULL,NULL,NULL,NULL,NULL,NULL,NULL,NULL,NULL,NULL,NULL,NULL,NULL,NULL,NULL,NULL,NULL,NULL,NULL,NULL,NULL,NULL)
COMMIT
DELETE FROM CRONJOBS WHERE PK=8796093383157
INSERT INTO CRONJOBS VALUES(6417,8796096495698,NULL,'2014-12-04 19:29:21.278000','2014-12-02 19:29:26.902000',8796093383157,1,8796093153371,8796093186139,NULL,0,8796093068191,'collectStatisticsCronJob',0,NULL,8796093678068,NULL,4,1,NULL,0,NULL,0,1,8796093218907,NULL,NULL,8796093087777,0,8796093087776,8796099510363,8796093054980,1,8796093284443,0,0,NULL,NULL,NULL,NULL,NULL,NULL,NULL,NULL,NULL,NULL,NULL,NULL,NULL,NULL,NULL,NULL,NULL,NULL,NULL,NULL,NULL,NULL,NULL,NULL,NULL,NULL,NULL,NULL,NULL,NULL,NULL,NULL,NULL,NULL,NULL,NULL,NULL,NULL,NULL,NULL,NULL,NULL,NULL,NULL,NULL,NULL,NULL,NULL,NULL,NULL,NULL,NULL,NULL,NULL,NULL,NULL,NULL,NULL,NULL,NULL,NULL,NULL,NULL,NULL,NULL,NULL,NULL,NULL,NULL,NULL,NULL,NULL,NULL,NULL,NULL,NULL,NULL,NULL,NULL,NULL,NULL,NULL,NULL,NULL,NULL,NULL,NULL,NULL,NULL,NULL,NULL,NULL,NULL,NULL,NULL,NULL,NULL,NULL)
COMMIT
DELETE FROM CRONJOBS WHERE PK=8796093383157
INSERT INTO CRONJOBS VALUES(6418,8796096495698,NULL,'2014-12-04 19:29:21.279000','2014-12-02 19:29:26.902000',8796093383157,1,8796093153371,8796093186139,'2014-12-04 19:29:21.279000',0,8796093068191,'collectStatisticsCronJob',0,NULL,8796093678068,NULL,4,1,NULL,0,NULL,0,1,8796093218907,NULL,NULL,8796093087777,0,8796093087776,8796099510363,8796093054980,1,8796093284443,0,0,NULL,NULL,NULL,NULL,NULL,NULL,NULL,NULL,NULL,NULL,NULL,NULL,NULL,NULL,NULL,NULL,NULL,NULL,NULL,NULL,NULL,NULL,NULL,NULL,NULL,NULL,NULL,NULL,NULL,NULL,NULL,NULL,NULL,NULL,NULL,NULL,NULL,NULL,NULL,NULL,NULL,NULL,NULL,NULL,NULL,NULL,NULL,NULL,NULL,NULL,NULL,NULL,NULL,NULL,NULL,NULL,NULL,NULL,NULL,NULL,NULL,NULL,NULL,NULL,NULL,NULL,NULL,NULL,NULL,NULL,NULL,NULL,NULL,NULL,NULL,NULL,NULL,NULL,NULL,NULL,NULL,NULL,NULL,NULL,NULL,NULL,NULL,NULL,NULL,NULL,NULL,NULL,NULL,NULL,NULL,NULL,NULL,NULL)
COMMIT
DELETE FROM CRONJOBS WHERE PK=8796093383157
INSERT INTO CRONJOBS VALUES(6419,8796096495698,NULL,'2014-12-04 19:29:21.281000','2014-12-02 19:29:26.902000',8796093383157,1,8796093153371,8796093186139,'2014-12-04 19:29:21.279000',0,8796093068191,'collectStatisticsCronJob',0,NULL,8796093678068,NULL,4,1,NULL,0,NULL,0,1,8796096233563,NULL,NULL,8796093087777,0,8796093087776,8796099510363,8796093054980,1,8796093284443,0,0,NULL,NULL,NULL,NULL,NULL,NULL,NULL,NULL,NULL,NULL,NULL,NULL,NULL,NULL,NULL,NULL,NULL,NULL,NULL,NULL,NULL,NULL,NULL,NULL,NULL,NULL,NULL,NULL,NULL,NULL,NULL,NULL,NULL,NULL,NULL,NULL,NULL,NULL,NULL,NULL,NULL,NULL,NULL,NULL,NULL,NULL,NULL,NULL,NULL,NULL,NULL,NULL,NULL,NULL,NULL,NULL,NULL,NULL,NULL,NULL,NULL,NULL,NULL,NULL,NULL,NULL,NULL,NULL,NULL,NULL,NULL,NULL,NULL,NULL,NULL,NULL,NULL,NULL,NULL,NULL,NULL,NULL,NULL,NULL,NULL,NULL,NULL,NULL,NULL,NULL,NULL,NULL,NULL,NULL,NULL,NULL,NULL,NULL)
COMMIT
INSERT INTO CUPPYTIMEPOINTSTATS VALUES(0,8796109144146,NULL,'2014-12-04 19:29:21.283000','2014-12-04 19:29:21.283000',8796781412516,0,0,0)
COMMIT
DELETE FROM CRONJOBS WHERE PK=8796093383157
INSERT INTO CRONJOBS VALUES(6420,8796096495698,NULL,'2014-12-04 19:29:21.284000','2014-12-02 19:29:26.902000',8796093383157,1,8796093153371,8796093186139,'2014-12-04 19:29:21.279000',0,8796093068191,'collectStatisticsCronJob',0,NULL,8796093678068,NULL,4,1,NULL,0,NULL,0,1,8796096299099,NULL,NULL,8796093087777,0,8796093087776,8796099510363,8796093054980,1,8796093284443,0,0,NULL,NULL,NULL,NULL,NULL,NULL,NULL,NULL,NULL,NULL,NULL,NULL,NULL,NULL,NULL,NULL,NULL,NULL,NULL,NULL,NULL,NULL,NULL,NULL,NULL,NULL,NULL,NULL,NULL,NULL,NULL,NULL,NULL,NULL,NULL,NULL,NULL,NULL,NULL,NULL,NULL,NULL,NULL,NULL,NULL,NULL,NULL,NULL,NULL,NULL,NULL,NULL,NULL,NULL,NULL,NULL,NULL,NULL,NULL,NULL,NULL,NULL,NULL,NULL,NULL,NULL,NULL,NULL,NULL,NULL,NULL,NULL,NULL,NULL,NULL,NULL,NULL,NULL,NULL,NULL,NULL,NULL,NULL,NULL,NULL,NULL,NULL,NULL,NULL,NULL,NULL,NULL,NULL,NULL,NULL,NULL,NULL,NULL)
COMMIT
DELETE FROM CRONJOBS WHERE PK=8796093383157
INSERT INTO CRONJOBS VALUES(6421,8796096495698,NULL,'2014-12-04 19:29:21.285000','2014-12-02 19:29:26.902000',8796093383157,1,8796093153371,8796093186139,'2014-12-04 19:29:21.279000',0,8796093068191,'collectStatisticsCronJob',0,NULL,8796093678068,NULL,4,1,NULL,0,NULL,0,1,8796096299099,NULL,'2014-12-04 19:29:21.285000',8796093087777,0,8796093087776,8796099510363,8796093054980,1,8796093284443,0,0,NULL,NULL,NULL,NULL,NULL,NULL,NULL,NULL,NULL,NULL,NULL,NULL,NULL,NULL,NULL,NULL,NULL,NULL,NULL,NULL,NULL,NULL,NULL,NULL,NULL,NULL,NULL,NULL,NULL,NULL,NULL,NULL,NULL,NULL,NULL,NULL,NULL,NULL,NULL,NULL,NULL,NULL,NULL,NULL,NULL,NULL,NULL,NULL,NULL,NULL,NULL,NULL,NULL,NULL,NULL,NULL,NULL,NULL,NULL,NULL,NULL,NULL,NULL,NULL,NULL,NULL,NULL,NULL,NULL,NULL,NULL,NULL,NULL,NULL,NULL,NULL,NULL,NULL,NULL,NULL,NULL,NULL,NULL,NULL,NULL,NULL,NULL,NULL,NULL,NULL,NULL,NULL,NULL,NULL,NULL,NULL,NULL,NULL)
COMMIT
/*C30*/DELETE FROM TRIGGERSCJ WHERE PK=8796093055478
INSERT INTO TRIGGERSCJ VALUES(921,8796096430162,NULL,'2014-12-04 19:30:21.265000','2014-12-02 19:29:26.930000',8796093055478,NULL,1,-1,'2014-12-04 19:31:00.000000',0,NULL,NULL,-1,0,NULL,0,-1,NULL,1,8796093383157,1,0,0)
COMMIT
DELETE FROM CRONJOBS WHERE PK=8796093383157
INSERT INTO CRONJOBS VALUES(6422,8796096495698,NULL,'2014-12-04 19:30:21.267000','2014-12-02 19:29:26.902000',8796093383157,1,8796093153371,8796093186139,'2014-12-04 19:29:21.279000',0,8796093068191,'collectStatisticsCronJob',0,NULL,8796093678068,NULL,4,1,NULL,0,NULL,0,1,8796093218907,NULL,'2014-12-04 19:29:21.285000',8796093087777,0,8796093087776,8796099510363,8796093054980,1,8796093284443,0,0,NULL,NULL,NULL,NULL,NULL,NULL,NULL,NULL,NULL,NULL,NULL,NULL,NULL,NULL,NULL,NULL,NULL,NULL,NULL,NULL,NULL,NULL,NULL,NULL,NULL,NULL,NULL,NULL,NULL,NULL,NULL,NULL,NULL,NULL,NULL,NULL,NULL,NULL,NULL,NULL,NULL,NULL,NULL,NULL,NULL,NULL,NULL,NULL,NULL,NULL,NULL,NULL,NULL,NULL,NULL,NULL,NULL,NULL,NULL,NULL,NULL,NULL,NULL,NULL,NULL,NULL,NULL,NULL,NULL,NULL,NULL,NULL,NULL,NULL,NULL,NULL,NULL,NULL,NULL,NULL,NULL,NULL,NULL,NULL,NULL,NULL,NULL,NULL,NULL,NULL,NULL,NULL,NULL,NULL,NULL,NULL,NULL,NULL)
COMMIT
DELETE FROM CRONJOBS WHERE PK=8796093383157
INSERT INTO CRONJOBS VALUES(6423,8796096495698,NULL,'2014-12-04 19:30:21.268000','2014-12-02 19:29:26.902000',8796093383157,1,8796093153371,8796093186139,NULL,0,8796093068191,'collectStatisticsCronJob',0,NULL,8796093678068,NULL,4,1,NULL,0,NULL,0,1,8796093218907,NULL,'2014-12-04 19:29:21.285000',8796093087777,0,8796093087776,8796099510363,8796093054980,1,8796093284443,0,0,NULL,NULL,NULL,NULL,NULL,NULL,NULL,NULL,NULL,NULL,NULL,NULL,NULL,NULL,NULL,NULL,NULL,NULL,NULL,NULL,NULL,NULL,NULL,NULL,NULL,NULL,NULL,NULL,NULL,NULL,NULL,NULL,NULL,NULL,NULL,NULL,NULL,NULL,NULL,NULL,NULL,NULL,NULL,NULL,NULL,NULL,NULL,NULL,NULL,NULL,NULL,NULL,NULL,NULL,NULL,NULL,NULL,NULL,NULL,NULL,NULL,NULL,NULL,NULL,NULL,NULL,NULL,NULL,NULL,NULL,NULL,NULL,NULL,NULL,NULL,NULL,NULL,NULL,NULL,NULL,NULL,NULL,NULL,NULL,NULL,NULL,NULL,NULL,NULL,NULL,NULL,NULL,NULL,NULL,NULL,NULL,NULL,NULL)
COMMIT
DELETE FROM CRONJOBS WHERE PK=8796093383157
INSERT INTO CRONJOBS VALUES(6424,8796096495698,NULL,'2014-12-04 19:30:21.269000','2014-12-02 19:29:26.902000',8796093383157,1,8796093153371,8796093186139,NULL,0,8796093068191,'collectStatisticsCronJob',0,NULL,8796093678068,NULL,4,1,NULL,0,NULL,0,1,8796093218907,NULL,NULL,8796093087777,0,8796093087776,8796099510363,8796093054980,1,8796093284443,0,0,NULL,NULL,NULL,NULL,NULL,NULL,NULL,NULL,NULL,NULL,NULL,NULL,NULL,NULL,NULL,NULL,NULL,NULL,NULL,NULL,NULL,NULL,NULL,NULL,NULL,NULL,NULL,NULL,NULL,NULL,NULL,NULL,NULL,NULL,NULL,NULL,NULL,NULL,NULL,NULL,NULL,NULL,NULL,NULL,NULL,NULL,NULL,NULL,NULL,NULL,NULL,NULL,NULL,NULL,NULL,NULL,NULL,NULL,NULL,NULL,NULL,NULL,NULL,NULL,NULL,NULL,NULL,NULL,NULL,NULL,NULL,NULL,NULL,NULL,NULL,NULL,NULL,NULL,NULL,NULL,NULL,NULL,NULL,NULL,NULL,NULL,NULL,NULL,NULL,NULL,NULL,NULL,NULL,NULL,NULL,NULL,NULL,NULL)
COMMIT
DELETE FROM CRONJOBS WHERE PK=8796093383157
INSERT INTO CRONJOBS VALUES(6425,8796096495698,NULL,'2014-12-04 19:30:21.270000','2014-12-02 19:29:26.902000',8796093383157,1,8796093153371,8796093186139,'2014-12-04 19:30:21.270000',0,8796093068191,'collectStatisticsCronJob',0,NULL,8796093678068,NULL,4,1,NULL,0,NULL,0,1,8796093218907,NULL,NULL,8796093087777,0,8796093087776,8796099510363,8796093054980,1,8796093284443,0,0,NULL,NULL,NULL,NULL,NULL,NULL,NULL,NULL,NULL,NULL,NULL,NULL,NULL,NULL,NULL,NULL,NULL,NULL,NULL,NULL,NULL,NULL,NULL,NULL,NULL,NULL,NULL,NULL,NULL,NULL,NULL,NULL,NULL,NULL,NULL,NULL,NULL,NULL,NULL,NULL,NULL,NULL,NULL,NULL,NULL,NULL,NULL,NULL,NULL,NULL,NULL,NULL,NULL,NULL,NULL,NULL,NULL,NULL,NULL,NULL,NULL,NULL,NULL,NULL,NULL,NULL,NULL,NULL,NULL,NULL,NULL,NULL,NULL,NULL,NULL,NULL,NULL,NULL,NULL,NULL,NULL,NULL,NULL,NULL,NULL,NULL,NULL,NULL,NULL,NULL,NULL,NULL,NULL,NULL,NULL,NULL,NULL,NULL)
COMMIT
DELETE FROM CRONJOBS WHERE PK=8796093383157
INSERT INTO CRONJOBS VALUES(6426,8796096495698,NULL,'2014-12-04 19:30:21.270000','2014-12-02 19:29:26.902000',8796093383157,1,8796093153371,8796093186139,'2014-12-04 19:30:21.270000',0,8796093068191,'collectStatisticsCronJob',0,NULL,8796093678068,NULL,4,1,NULL,0,NULL,0,1,8796096233563,NULL,NULL,8796093087777,0,8796093087776,8796099510363,8796093054980,1,8796093284443,0,0,NULL,NULL,NULL,NULL,NULL,NULL,NULL,NULL,NULL,NULL,NULL,NULL,NULL,NULL,NULL,NULL,NULL,NULL,NULL,NULL,NULL,NULL,NULL,NULL,NULL,NULL,NULL,NULL,NULL,NULL,NULL,NULL,NULL,NULL,NULL,NULL,NULL,NULL,NULL,NULL,NULL,NULL,NULL,NULL,NULL,NULL,NULL,NULL,NULL,NULL,NULL,NULL,NULL,NULL,NULL,NULL,NULL,NULL,NULL,NULL,NULL,NULL,NULL,NULL,NULL,NULL,NULL,NULL,NULL,NULL,NULL,NULL,NULL,NULL,NULL,NULL,NULL,NULL,NULL,NULL,NULL,NULL,NULL,NULL,NULL,NULL,NULL,NULL,NULL,NULL,NULL,NULL,NULL,NULL,NULL,NULL,NULL,NULL)
COMMIT
INSERT INTO CUPPYTIMEPOINTSTATS VALUES(0,8796109144146,NULL,'2014-12-04 19:30:21.272000','2014-12-04 19:30:21.272000',8796781445284,0,0,0)
COMMIT
DELETE FROM CRONJOBS WHERE PK=8796093383157
INSERT INTO CRONJOBS VALUES(6427,8796096495698,NULL,'2014-12-04 19:30:21.273000','2014-12-02 19:29:26.902000',8796093383157,1,8796093153371,8796093186139,'2014-12-04 19:30:21.270000',0,8796093068191,'collectStatisticsCronJob',0,NULL,8796093678068,NULL,4,1,NULL,0,NULL,0,1,8796096299099,NULL,NULL,8796093087777,0,8796093087776,8796099510363,8796093054980,1,8796093284443,0,0,NULL,NULL,NULL,NULL,NULL,NULL,NULL,NULL,NULL,NULL,NULL,NULL,NULL,NULL,NULL,NULL,NULL,NULL,NULL,NULL,NULL,NULL,NULL,NULL,NULL,NULL,NULL,NULL,NULL,NULL,NULL,NULL,NULL,NULL,NULL,NULL,NULL,NULL,NULL,NULL,NULL,NULL,NULL,NULL,NULL,NULL,NULL,NULL,NULL,NULL,NULL,NULL,NULL,NULL,NULL,NULL,NULL,NULL,NULL,NULL,NULL,NULL,NULL,NULL,NULL,NULL,NULL,NULL,NULL,NULL,NULL,NULL,NULL,NULL,NULL,NULL,NULL,NULL,NULL,NULL,NULL,NULL,NULL,NULL,NULL,NULL,NULL,NULL,NULL,NULL,NULL,NULL,NULL,NULL,NULL,NULL,NULL,NULL)
COMMIT
DELETE FROM CRONJOBS WHERE PK=8796093383157
INSERT INTO CRONJOBS VALUES(6428,8796096495698,NULL,'2014-12-04 19:30:21.274000','2014-12-02 19:29:26.902000',8796093383157,1,8796093153371,8796093186139,'2014-12-04 19:30:21.270000',0,8796093068191,'collectStatisticsCronJob',0,NULL,8796093678068,NULL,4,1,NULL,0,NULL,0,1,8796096299099,NULL,'2014-12-04 19:30:21.274000',8796093087777,0,8796093087776,8796099510363,8796093054980,1,8796093284443,0,0,NULL,NULL,NULL,NULL,NULL,NULL,NULL,NULL,NULL,NULL,NULL,NULL,NULL,NULL,NULL,NULL,NULL,NULL,NULL,NULL,NULL,NULL,NULL,NULL,NULL,NULL,NULL,NULL,NULL,NULL,NULL,NULL,NULL,NULL,NULL,NULL,NULL,NULL,NULL,NULL,NULL,NULL,NULL,NULL,NULL,NULL,NULL,NULL,NULL,NULL,NULL,NULL,NULL,NULL,NULL,NULL,NULL,NULL,NULL,NULL,NULL,NULL,NULL,NULL,NULL,NULL,NULL,NULL,NULL,NULL,NULL,NULL,NULL,NULL,NULL,NULL,NULL,NULL,NULL,NULL,NULL,NULL,NULL,NULL,NULL,NULL,NULL,NULL,NULL,NULL,NULL,NULL,NULL,NULL,NULL,NULL,NULL,NULL)
COMMIT
/*C31*/DELETE FROM TRIGGERSCJ WHERE PK=8796093055478
INSERT INTO TRIGGERSCJ VALUES(922,8796096430162,NULL,'2014-12-04 19:31:21.266000','2014-12-02 19:29:26.930000',8796093055478,NULL,1,-1,'2014-12-04 19:32:00.000000',0,NULL,NULL,-1,0,NULL,0,-1,NULL,1,8796093383157,1,0,0)
COMMIT
DELETE FROM CRONJOBS WHERE PK=8796093383157
INSERT INTO CRONJOBS VALUES(6429,8796096495698,NULL,'2014-12-04 19:31:21.268000','2014-12-02 19:29:26.902000',8796093383157,1,8796093153371,8796093186139,'2014-12-04 19:30:21.270000',0,8796093068191,'collectStatisticsCronJob',0,NULL,8796093678068,NULL,4,1,NULL,0,NULL,0,1,8796093218907,NULL,'2014-12-04 19:30:21.274000',8796093087777,0,8796093087776,8796099510363,8796093054980,1,8796093284443,0,0,NULL,NULL,NULL,NULL,NULL,NULL,NULL,NULL,NULL,NULL,NULL,NULL,NULL,NULL,NULL,NULL,NULL,NULL,NULL,NULL,NULL,NULL,NULL,NULL,NULL,NULL,NULL,NULL,NULL,NULL,NULL,NULL,NULL,NULL,NULL,NULL,NULL,NULL,NULL,NULL,NULL,NULL,NULL,NULL,NULL,NULL,NULL,NULL,NULL,NULL,NULL,NULL,NULL,NULL,NULL,NULL,NULL,NULL,NULL,NULL,NULL,NULL,NULL,NULL,NULL,NULL,NULL,NULL,NULL,NULL,NULL,NULL,NULL,NULL,NULL,NULL,NULL,NULL,NULL,NULL,NULL,NULL,NULL,NULL,NULL,NULL,NULL,NULL,NULL,NULL,NULL,NULL,NULL,NULL,NULL,NULL,NULL,NULL)
COMMIT
DELETE FROM CRONJOBS WHERE PK=8796093383157
INSERT INTO CRONJOBS VALUES(6430,8796096495698,NULL,'2014-12-04 19:31:21.269000','2014-12-02 19:29:26.902000',8796093383157,1,8796093153371,8796093186139,NULL,0,8796093068191,'collectStatisticsCronJob',0,NULL,8796093678068,NULL,4,1,NULL,0,NULL,0,1,8796093218907,NULL,'2014-12-04 19:30:21.274000',8796093087777,0,8796093087776,8796099510363,8796093054980,1,8796093284443,0,0,NULL,NULL,NULL,NULL,NULL,NULL,NULL,NULL,NULL,NULL,NULL,NULL,NULL,NULL,NULL,NULL,NULL,NULL,NULL,NULL,NULL,NULL,NULL,NULL,NULL,NULL,NULL,NULL,NULL,NULL,NULL,NULL,NULL,NULL,NULL,NULL,NULL,NULL,NULL,NULL,NULL,NULL,NULL,NULL,NULL,NULL,NULL,NULL,NULL,NULL,NULL,NULL,NULL,NULL,NULL,NULL,NULL,NULL,NULL,NULL,NULL,NULL,NULL,NULL,NULL,NULL,NULL,NULL,NULL,NULL,NULL,NULL,NULL,NULL,NULL,NULL,NULL,NULL,NULL,NULL,NULL,NULL,NULL,NULL,NULL,NULL,NULL,NULL,NULL,NULL,NULL,NULL,NULL,NULL,NULL,NULL,NULL,NULL)
COMMIT
DELETE FROM CRONJOBS WHERE PK=8796093383157
INSERT INTO CRONJOBS VALUES(6431,8796096495698,NULL,'2014-12-04 19:31:21.271000','2014-12-02 19:29:26.902000',8796093383157,1,8796093153371,8796093186139,NULL,0,8796093068191,'collectStatisticsCronJob',0,NULL,8796093678068,NULL,4,1,NULL,0,NULL,0,1,8796093218907,NULL,NULL,8796093087777,0,8796093087776,8796099510363,8796093054980,1,8796093284443,0,0,NULL,NULL,NULL,NULL,NULL,NULL,NULL,NULL,NULL,NULL,NULL,NULL,NULL,NULL,NULL,NULL,NULL,NULL,NULL,NULL,NULL,NULL,NULL,NULL,NULL,NULL,NULL,NULL,NULL,NULL,NULL,NULL,NULL,NULL,NULL,NULL,NULL,NULL,NULL,NULL,NULL,NULL,NULL,NULL,NULL,NULL,NULL,NULL,NULL,NULL,NULL,NULL,NULL,NULL,NULL,NULL,NULL,NULL,NULL,NULL,NULL,NULL,NULL,NULL,NULL,NULL,NULL,NULL,NULL,NULL,NULL,NULL,NULL,NULL,NULL,NULL,NULL,NULL,NULL,NULL,NULL,NULL,NULL,NULL,NULL,NULL,NULL,NULL,NULL,NULL,NULL,NULL,NULL,NULL,NULL,NULL,NULL,NULL)
COMMIT
DELETE FROM CRONJOBS WHERE PK=8796093383157
INSERT INTO CRONJOBS VALUES(6432,8796096495698,NULL,'2014-12-04 19:31:21.273000','2014-12-02 19:29:26.902000',8796093383157,1,8796093153371,8796093186139,'2014-12-04 19:31:21.273000',0,8796093068191,'collectStatisticsCronJob',0,NULL,8796093678068,NULL,4,1,NULL,0,NULL,0,1,8796093218907,NULL,NULL,8796093087777,0,8796093087776,8796099510363,8796093054980,1,8796093284443,0,0,NULL,NULL,NULL,NULL,NULL,NULL,NULL,NULL,NULL,NULL,NULL,NULL,NULL,NULL,NULL,NULL,NULL,NULL,NULL,NULL,NULL,NULL,NULL,NULL,NULL,NULL,NULL,NULL,NULL,NULL,NULL,NULL,NULL,NULL,NULL,NULL,NULL,NULL,NULL,NULL,NULL,NULL,NULL,NULL,NULL,NULL,NULL,NULL,NULL,NULL,NULL,NULL,NULL,NULL,NULL,NULL,NULL,NULL,NULL,NULL,NULL,NULL,NULL,NULL,NULL,NULL,NULL,NULL,NULL,NULL,NULL,NULL,NULL,NULL,NULL,NULL,NULL,NULL,NULL,NULL,NULL,NULL,NULL,NULL,NULL,NULL,NULL,NULL,NULL,NULL,NULL,NULL,NULL,NULL,NULL,NULL,NULL,NULL)
COMMIT
DELETE FROM CRONJOBS WHERE PK=8796093383157
INSERT INTO CRONJOBS VALUES(6433,8796096495698,NULL,'2014-12-04 19:31:21.275000','2014-12-02 19:29:26.902000',8796093383157,1,8796093153371,8796093186139,'2014-12-04 19:31:21.273000',0,8796093068191,'collectStatisticsCronJob',0,NULL,8796093678068,NULL,4,1,NULL,0,NULL,0,1,8796096233563,NULL,NULL,8796093087777,0,8796093087776,8796099510363,8796093054980,1,8796093284443,0,0,NULL,NULL,NULL,NULL,NULL,NULL,NULL,NULL,NULL,NULL,NULL,NULL,NULL,NULL,NULL,NULL,NULL,NULL,NULL,NULL,NULL,NULL,NULL,NULL,NULL,NULL,NULL,NULL,NULL,NULL,NULL,NULL,NULL,NULL,NULL,NULL,NULL,NULL,NULL,NULL,NULL,NULL,NULL,NULL,NULL,NULL,NULL,NULL,NULL,NULL,NULL,NULL,NULL,NULL,NULL,NULL,NULL,NULL,NULL,NULL,NULL,NULL,NULL,NULL,NULL,NULL,NULL,NULL,NULL,NULL,NULL,NULL,NULL,NULL,NULL,NULL,NULL,NULL,NULL,NULL,NULL,NULL,NULL,NULL,NULL,NULL,NULL,NULL,NULL,NULL,NULL,NULL,NULL,NULL,NULL,NULL,NULL,NULL)
COMMIT
INSERT INTO CUPPYTIMEPOINTSTATS VALUES(0,8796109144146,NULL,'2014-12-04 19:31:21.278000','2014-12-04 19:31:21.278000',8796781478052,0,0,0)
COMMIT
DELETE FROM CRONJOBS WHERE PK=8796093383157
INSERT INTO CRONJOBS VALUES(6434,8796096495698,NULL,'2014-12-04 19:31:21.280000','2014-12-02 19:29:26.902000',8796093383157,1,8796093153371,8796093186139,'2014-12-04 19:31:21.273000',0,8796093068191,'collectStatisticsCronJob',0,NULL,8796093678068,NULL,4,1,NULL,0,NULL,0,1,8796096299099,NULL,NULL,8796093087777,0,8796093087776,8796099510363,8796093054980,1,8796093284443,0,0,NULL,NULL,NULL,NULL,NULL,NULL,NULL,NULL,NULL,NULL,NULL,NULL,NULL,NULL,NULL,NULL,NULL,NULL,NULL,NULL,NULL,NULL,NULL,NULL,NULL,NULL,NULL,NULL,NULL,NULL,NULL,NULL,NULL,NULL,NULL,NULL,NULL,NULL,NULL,NULL,NULL,NULL,NULL,NULL,NULL,NULL,NULL,NULL,NULL,NULL,NULL,NULL,NULL,NULL,NULL,NULL,NULL,NULL,NULL,NULL,NULL,NULL,NULL,NULL,NULL,NULL,NULL,NULL,NULL,NULL,NULL,NULL,NULL,NULL,NULL,NULL,NULL,NULL,NULL,NULL,NULL,NULL,NULL,NULL,NULL,NULL,NULL,NULL,NULL,NULL,NULL,NULL,NULL,NULL,NULL,NULL,NULL,NULL)
COMMIT
DELETE FROM CRONJOBS WHERE PK=8796093383157
INSERT INTO CRONJOBS VALUES(6435,8796096495698,NULL,'2014-12-04 19:31:21.281000','2014-12-02 19:29:26.902000',8796093383157,1,8796093153371,8796093186139,'2014-12-04 19:31:21.273000',0,8796093068191,'collectStatisticsCronJob',0,NULL,8796093678068,NULL,4,1,NULL,0,NULL,0,1,8796096299099,NULL,'2014-12-04 19:31:21.281000',8796093087777,0,8796093087776,8796099510363,8796093054980,1,8796093284443,0,0,NULL,NULL,NULL,NULL,NULL,NULL,NULL,NULL,NULL,NULL,NULL,NULL,NULL,NULL,NULL,NULL,NULL,NULL,NULL,NULL,NULL,NULL,NULL,NULL,NULL,NULL,NULL,NULL,NULL,NULL,NULL,NULL,NULL,NULL,NULL,NULL,NULL,NULL,NULL,NULL,NULL,NULL,NULL,NULL,NULL,NULL,NULL,NULL,NULL,NULL,NULL,NULL,NULL,NULL,NULL,NULL,NULL,NULL,NULL,NULL,NULL,NULL,NULL,NULL,NULL,NULL,NULL,NULL,NULL,NULL,NULL,NULL,NULL,NULL,NULL,NULL,NULL,NULL,NULL,NULL,NULL,NULL,NULL,NULL,NULL,NULL,NULL,NULL,NULL,NULL,NULL,NULL,NULL,NULL,NULL,NULL,NULL,NULL)
COMMIT
/*C30*/DELETE FROM TRIGGERSCJ WHERE PK=8796093055478
INSERT INTO TRIGGERSCJ VALUES(923,8796096430162,NULL,'2014-12-04 19:32:21.267000','2014-12-02 19:29:26.930000',8796093055478,NULL,1,-1,'2014-12-04 19:33:00.000000',0,NULL,NULL,-1,0,NULL,0,-1,NULL,1,8796093383157,1,0,0)
COMMIT
DELETE FROM CRONJOBS WHERE PK=8796093383157
INSERT INTO CRONJOBS VALUES(6436,8796096495698,NULL,'2014-12-04 19:32:21.269000','2014-12-02 19:29:26.902000',8796093383157,1,8796093153371,8796093186139,'2014-12-04 19:31:21.273000',0,8796093068191,'collectStatisticsCronJob',0,NULL,8796093678068,NULL,4,1,NULL,0,NULL,0,1,8796093218907,NULL,'2014-12-04 19:31:21.281000',8796093087777,0,8796093087776,8796099510363,8796093054980,1,8796093284443,0,0,NULL,NULL,NULL,NULL,NULL,NULL,NULL,NULL,NULL,NULL,NULL,NULL,NULL,NULL,NULL,NULL,NULL,NULL,NULL,NULL,NULL,NULL,NULL,NULL,NULL,NULL,NULL,NULL,NULL,NULL,NULL,NULL,NULL,NULL,NULL,NULL,NULL,NULL,NULL,NULL,NULL,NULL,NULL,NULL,NULL,NULL,NULL,NULL,NULL,NULL,NULL,NULL,NULL,NULL,NULL,NULL,NULL,NULL,NULL,NULL,NULL,NULL,NULL,NULL,NULL,NULL,NULL,NULL,NULL,NULL,NULL,NULL,NULL,NULL,NULL,NULL,NULL,NULL,NULL,NULL,NULL,NULL,NULL,NULL,NULL,NULL,NULL,NULL,NULL,NULL,NULL,NULL,NULL,NULL,NULL,NULL,NULL,NULL)
COMMIT
DELETE FROM CRONJOBS WHERE PK=8796093383157
INSERT INTO CRONJOBS VALUES(6437,8796096495698,NULL,'2014-12-04 19:32:21.270000','2014-12-02 19:29:26.902000',8796093383157,1,8796093153371,8796093186139,NULL,0,8796093068191,'collectStatisticsCronJob',0,NULL,8796093678068,NULL,4,1,NULL,0,NULL,0,1,8796093218907,NULL,'2014-12-04 19:31:21.281000',8796093087777,0,8796093087776,8796099510363,8796093054980,1,8796093284443,0,0,NULL,NULL,NULL,NULL,NULL,NULL,NULL,NULL,NULL,NULL,NULL,NULL,NULL,NULL,NULL,NULL,NULL,NULL,NULL,NULL,NULL,NULL,NULL,NULL,NULL,NULL,NULL,NULL,NULL,NULL,NULL,NULL,NULL,NULL,NULL,NULL,NULL,NULL,NULL,NULL,NULL,NULL,NULL,NULL,NULL,NULL,NULL,NULL,NULL,NULL,NULL,NULL,NULL,NULL,NULL,NULL,NULL,NULL,NULL,NULL,NULL,NULL,NULL,NULL,NULL,NULL,NULL,NULL,NULL,NULL,NULL,NULL,NULL,NULL,NULL,NULL,NULL,NULL,NULL,NULL,NULL,NULL,NULL,NULL,NULL,NULL,NULL,NULL,NULL,NULL,NULL,NULL,NULL,NULL,NULL,NULL,NULL,NULL)
COMMIT
DELETE FROM CRONJOBS WHERE PK=8796093383157
INSERT INTO CRONJOBS VALUES(6438,8796096495698,NULL,'2014-12-04 19:32:21.270000','2014-12-02 19:29:26.902000',8796093383157,1,8796093153371,8796093186139,NULL,0,8796093068191,'collectStatisticsCronJob',0,NULL,8796093678068,NULL,4,1,NULL,0,NULL,0,1,8796093218907,NULL,NULL,8796093087777,0,8796093087776,8796099510363,8796093054980,1,8796093284443,0,0,NULL,NULL,NULL,NULL,NULL,NULL,NULL,NULL,NULL,NULL,NULL,NULL,NULL,NULL,NULL,NULL,NULL,NULL,NULL,NULL,NULL,NULL,NULL,NULL,NULL,NULL,NULL,NULL,NULL,NULL,NULL,NULL,NULL,NULL,NULL,NULL,NULL,NULL,NULL,NULL,NULL,NULL,NULL,NULL,NULL,NULL,NULL,NULL,NULL,NULL,NULL,NULL,NULL,NULL,NULL,NULL,NULL,NULL,NULL,NULL,NULL,NULL,NULL,NULL,NULL,NULL,NULL,NULL,NULL,NULL,NULL,NULL,NULL,NULL,NULL,NULL,NULL,NULL,NULL,NULL,NULL,NULL,NULL,NULL,NULL,NULL,NULL,NULL,NULL,NULL,NULL,NULL,NULL,NULL,NULL,NULL,NULL,NULL)
COMMIT
DELETE FROM CRONJOBS WHERE PK=8796093383157
INSERT INTO CRONJOBS VALUES(6439,8796096495698,NULL,'2014-12-04 19:32:21.271000','2014-12-02 19:29:26.902000',8796093383157,1,8796093153371,8796093186139,'2014-12-04 19:32:21.271000',0,8796093068191,'collectStatisticsCronJob',0,NULL,8796093678068,NULL,4,1,NULL,0,NULL,0,1,8796093218907,NULL,NULL,8796093087777,0,8796093087776,8796099510363,8796093054980,1,8796093284443,0,0,NULL,NULL,NULL,NULL,NULL,NULL,NULL,NULL,NULL,NULL,NULL,NULL,NULL,NULL,NULL,NULL,NULL,NULL,NULL,NULL,NULL,NULL,NULL,NULL,NULL,NULL,NULL,NULL,NULL,NULL,NULL,NULL,NULL,NULL,NULL,NULL,NULL,NULL,NULL,NULL,NULL,NULL,NULL,NULL,NULL,NULL,NULL,NULL,NULL,NULL,NULL,NULL,NULL,NULL,NULL,NULL,NULL,NULL,NULL,NULL,NULL,NULL,NULL,NULL,NULL,NULL,NULL,NULL,NULL,NULL,NULL,NULL,NULL,NULL,NULL,NULL,NULL,NULL,NULL,NULL,NULL,NULL,NULL,NULL,NULL,NULL,NULL,NULL,NULL,NULL,NULL,NULL,NULL,NULL,NULL,NULL,NULL,NULL)
COMMIT
DELETE FROM CRONJOBS WHERE PK=8796093383157
INSERT INTO CRONJOBS VALUES(6440,8796096495698,NULL,'2014-12-04 19:32:21.272000','2014-12-02 19:29:26.902000',8796093383157,1,8796093153371,8796093186139,'2014-12-04 19:32:21.271000',0,8796093068191,'collectStatisticsCronJob',0,NULL,8796093678068,NULL,4,1,NULL,0,NULL,0,1,8796096233563,NULL,NULL,8796093087777,0,8796093087776,8796099510363,8796093054980,1,8796093284443,0,0,NULL,NULL,NULL,NULL,NULL,NULL,NULL,NULL,NULL,NULL,NULL,NULL,NULL,NULL,NULL,NULL,NULL,NULL,NULL,NULL,NULL,NULL,NULL,NULL,NULL,NULL,NULL,NULL,NULL,NULL,NULL,NULL,NULL,NULL,NULL,NULL,NULL,NULL,NULL,NULL,NULL,NULL,NULL,NULL,NULL,NULL,NULL,NULL,NULL,NULL,NULL,NULL,NULL,NULL,NULL,NULL,NULL,NULL,NULL,NULL,NULL,NULL,NULL,NULL,NULL,NULL,NULL,NULL,NULL,NULL,NULL,NULL,NULL,NULL,NULL,NULL,NULL,NULL,NULL,NULL,NULL,NULL,NULL,NULL,NULL,NULL,NULL,NULL,NULL,NULL,NULL,NULL,NULL,NULL,NULL,NULL,NULL,NULL)
COMMIT
INSERT INTO CUPPYTIMEPOINTSTATS VALUES(0,8796109144146,NULL,'2014-12-04 19:32:21.274000','2014-12-04 19:32:21.274000',8796781510820,0,0,0)
COMMIT
DELETE FROM CRONJOBS WHERE PK=8796093383157
INSERT INTO CRONJOBS VALUES(6441,8796096495698,NULL,'2014-12-04 19:32:21.277000','2014-12-02 19:29:26.902000',8796093383157,1,8796093153371,8796093186139,'2014-12-04 19:32:21.271000',0,8796093068191,'collectStatisticsCronJob',0,NULL,8796093678068,NULL,4,1,NULL,0,NULL,0,1,8796096299099,NULL,NULL,8796093087777,0,8796093087776,8796099510363,8796093054980,1,8796093284443,0,0,NULL,NULL,NULL,NULL,NULL,NULL,NULL,NULL,NULL,NULL,NULL,NULL,NULL,NULL,NULL,NULL,NULL,NULL,NULL,NULL,NULL,NULL,NULL,NULL,NULL,NULL,NULL,NULL,NULL,NULL,NULL,NULL,NULL,NULL,NULL,NULL,NULL,NULL,NULL,NULL,NULL,NULL,NULL,NULL,NULL,NULL,NULL,NULL,NULL,NULL,NULL,NULL,NULL,NULL,NULL,NULL,NULL,NULL,NULL,NULL,NULL,NULL,NULL,NULL,NULL,NULL,NULL,NULL,NULL,NULL,NULL,NULL,NULL,NULL,NULL,NULL,NULL,NULL,NULL,NULL,NULL,NULL,NULL,NULL,NULL,NULL,NULL,NULL,NULL,NULL,NULL,NULL,NULL,NULL,NULL,NULL,NULL,NULL)
COMMIT
DELETE FROM CRONJOBS WHERE PK=8796093383157
INSERT INTO CRONJOBS VALUES(6442,8796096495698,NULL,'2014-12-04 19:32:21.278000','2014-12-02 19:29:26.902000',8796093383157,1,8796093153371,8796093186139,'2014-12-04 19:32:21.271000',0,8796093068191,'collectStatisticsCronJob',0,NULL,8796093678068,NULL,4,1,NULL,0,NULL,0,1,8796096299099,NULL,'2014-12-04 19:32:21.278000',8796093087777,0,8796093087776,8796099510363,8796093054980,1,8796093284443,0,0,NULL,NULL,NULL,NULL,NULL,NULL,NULL,NULL,NULL,NULL,NULL,NULL,NULL,NULL,NULL,NULL,NULL,NULL,NULL,NULL,NULL,NULL,NULL,NULL,NULL,NULL,NULL,NULL,NULL,NULL,NULL,NULL,NULL,NULL,NULL,NULL,NULL,NULL,NULL,NULL,NULL,NULL,NULL,NULL,NULL,NULL,NULL,NULL,NULL,NULL,NULL,NULL,NULL,NULL,NULL,NULL,NULL,NULL,NULL,NULL,NULL,NULL,NULL,NULL,NULL,NULL,NULL,NULL,NULL,NULL,NULL,NULL,NULL,NULL,NULL,NULL,NULL,NULL,NULL,NULL,NULL,NULL,NULL,NULL,NULL,NULL,NULL,NULL,NULL,NULL,NULL,NULL,NULL,NULL,NULL,NULL,NULL,NULL)
COMMIT
/*C20*/DISCONNECT
/*C32*/SET SCHEMA PUBLIC
SET DATABASE TRANSACTION CONTROL MVCC
/*C21*/DISCONNECT
/*C33*/SET SCHEMA PUBLIC
SET DATABASE TRANSACTION CONTROL MVCC
/*C19*/DISCONNECT
/*C34*/SET SCHEMA PUBLIC
SET DATABASE TRANSACTION CONTROL MVCC
/*C22*/DISCONNECT
/*C35*/SET SCHEMA PUBLIC
SET DATABASE TRANSACTION CONTROL MVCC
